#
# There is insufficient memory for the Java Runtime Environment to continue.
# Native memory allocation (mmap) failed to map 201326592 bytes for Failed to commit area from 0x0000000741600000 to 0x000000074d600000 of length 201326592.
# Possible reasons:
#   The system is out of physical RAM or swap space
#   The process is running with CompressedOops enabled, and the Java Heap may be blocking the growth of the native heap
# Possible solutions:
#   Reduce memory load on the system
#   Increase physical memory or swap space
#   Check if swap backing store is full
#   Decrease Java heap size (-Xmx/-Xms)
#   Decrease number of Java threads
#   Decrease Java thread stack sizes (-Xss)
#   Set larger code cache with -XX:ReservedCodeCacheSize=
# This output file may be truncated or incomplete.
#
#  Out of Memory Error (./src/hotspot/os/windows/os_windows.cpp:3303), pid=696, tid=5808
#
# JRE version:  (11.0.8+10) (build )
# Java VM: OpenJDK 64-Bit Server VM (11.0.8+10-b944.6842174, mixed mode, sharing, tiered, compressed oops, g1 gc, windows-amd64)
# No core dump will be written. Minidumps are not enabled by default on client versions of Windows
#

---------------  S U M M A R Y ------------

Command Line: org.jetbrains.kotlin.cli.jvm.K2JVMCompiler -Xallow-no-source-files -classpath D:\descargas\torrents descargados\neolab2021kotlin-master\Clase 2\app\build\intermediates\compile_and_runtime_not_namespaced_r_class_jar\debug\R.jar;C:\Users\Gustavo\.gradle\caches\transforms-2\files-2.1\edc8d46ba3594296fd9904aaab928270\jetified-core-ktx-1.5.0-api.jar;C:\Users\Gustavo\.gradle\caches\transforms-2\files-2.1\ec43dc6ef3b44f49ca5a439053606390\jetified-kotlin-stdlib-1.4.31.jar;C:\Users\Gustavo\.gradle\caches\transforms-2\files-2.1\16cbbb91f947720bf269daba23560b7c\jetified-kotlin-stdlib-common-1.4.31.jar;C:\Users\Gustavo\.gradle\caches\transforms-2\files-2.1\749a935869b74128cc05c55e7ecad714\jetified-annotations-13.0.jar;C:\Users\Gustavo\.gradle\caches\transforms-2\files-2.1\c3d300acb46c6889df4c7185a098cb30\material-1.3.0-api.jar;C:\Users\Gustavo\.gradle\caches\transforms-2\files-2.1\25be8caf3b5ccfccf933ff772d666875\constraintlayout-2.0.4-api.jar;C:\Users\Gustavo\.gradle\caches\transforms-2\files-2.1\9a439d1847cf98209d42bb4a489144f9\appcompat-1.3.0-api.jar;C:\Users\Gustavo\.gradle\caches\transforms-2\files-2.1\8f963829c79eff4434800193c2bd038d\jetified-viewpager2-1.0.0-api.jar;C:\Users\Gustavo\.gradle\caches\transforms-2\files-2.1\3f3325045214da2b31d13442e51722ab\recyclerview-1.2.1-api.jar;C:\Users\Gustavo\.gradle\caches\transforms-2\files-2.1\a015bddf1226abb6a6edfae730afdd7d\fragment-1.3.4-api.jar;C:\Users\Gustavo\.gradle\caches\transforms-2\files-2.1\51e47fa7222b8b1a800599352b83aa62\jetified-activity-1.2.3-api.jar;C:\Users\Gustavo\.gradle\caches\transforms-2\files-2.1\6b4ddc16a2c6d90671c64290d11c9d6b\jetified-appcompat-resources-1.3.0-api.jar;C:\Users\Gustavo\.gradle\caches\transforms-2\files-2.1\dfe8ba742ff065333dcc1017c8462c4a\drawerlayout-1.0.0-api.jar;C:\Users\Gustavo\.gradle\caches\transforms-2\files-2.1\add46a35c1b31b0325459deed60f64c8\coordinatorlayout-1.1.0-api.jar;C:\Users\Gustavo\.gradle\caches\transforms-2\files-2.1\12fcf75aff2ed790b1b142c52c6fa76a\dynamicanimation-1.0.0-api.jar;C:\Users\Gustavo\.gradle\caches\transforms-2\files-2.1\60b057bfc519c0a10bcab44c67884ee4\transition-1.2.0-api.jar;C:\Users\Gustavo\.gradle\caches\transforms-2\files-2.1\765f0a6d2d0adf82e8ed90fc1a499ad5\vectordrawable-animated-1.1.0-api.jar;C:\Users\Gustavo\.gradle\caches\transforms-2\files-2.1\a988f2057d18770308135f5fa50f73fe\vectordrawable-1.1.0-api.jar;C:\Users\Gustavo\.gradle\caches\transforms-2\files-2.1\d4e19991bc33705b248398e194af32ed\viewpager-1.0.0-api.jar;C:\Users\Gustavo\.gradle\caches\transforms-2\files-2.1\19c9853deac49f2c2c9d60ee46747665\customview-1.0.0-api.jar;C:\Users\Gustavo\.gradle\caches\transforms-2\files-2.1\b35bd9a85912aa457b965f1328856cab\legacy-support-core-utils-1.0.0-api.jar;C:\Users\Gustavo\.gradle\caches\transforms-2\files-2.1\ca9a79ee5ecdaf5e7f3e6f16ecfd46f3\loader-1.0.0-api.jar;C:\Users\Gustavo\.gradle\caches\transforms-2\files-2.1\8d232671d62886988038a003adf0f249\core-1.5.0-api.jar;C:\Users\Gustavo\.gradle\caches\transforms-2\files-2.1\7a23329cb81a907f8ca3aafa984c5874\cursoradapter-1.0.0-api.jar;C:\Users\Gustavo\.gradle\caches\transforms-2\files-2.1\a128c21815a74ba35fa7f6400c28a341\jetified-lifecycle-viewmodel-savedstate-2.3.1-api.jar;C:\Users\Gustavo\.gradle\caches\transforms-2\files-2.1\057b6eb304b1b57c456bb2dd7bebba8d\jetified-savedstate-1.1.0-api.jar;C:\Users\Gustavo\.gradle\caches\transforms-2\files-2.1\42d030b73160de90b4b88e4c2b5b7511\cardview-1.0.0-api.jar;C:\Users\Gustavo\.gradle\caches\transforms-2\files-2.1\46d3b983d33240f06b57ba67109a9fd1\lifecycle-runtime-2.3.1-api.jar;C:\Users\Gustavo\.gradle\caches\transforms-2\files-2.1\01559d6b2084107ae461d41f0b1a60dc\versionedparcelable-1.1.1-api.jar;C:\Users\Gustavo\.gradle\caches\transforms-2\files-2.1\dd926fc7570c2d3ad9c05ec3113a16a8\lifecycle-viewmodel-2.3.1-api.jar;C:\Users\Gustavo\.gradle\caches\modules-2\files-2.1\androidx.collection\collection\1.1.0\1f27220b47669781457de0d600849a5de0e89909\collection-1.1.0.jar;C:\Users\Gustavo\.gradle\caches\transforms-2\files-2.1\4e19c831e6d211d1cc82f35a7212525f\lifecycle-livedata-2.0.0-api.jar;C:\Users\Gustavo\.gradle\caches\transforms-2\files-2.1\8a3f050bdb9a17a1edff0cb422903bb3\lifecycle-livedata-core-2.3.1-api.jar;C:\Users\Gustavo\.gradle\caches\modules-2\files-2.1\androidx.lifecycle\lifecycle-common\2.3.1\fc466261d52f4433863642fb40d12441ae274a98\lifecycle-common-2.3.1.jar;C:\Users\Gustavo\.gradle\caches\transforms-2\files-2.1\05e70eb4778044a825151bd1359144c3\core-runtime-2.1.0-api.jar;C:\Users\Gustavo\.gradle\caches\modules-2\files-2.1\androidx.arch.core\core-common\2.1.0\b3152fc64428c9354344bd89848ecddc09b6f07e\core-common-2.1.0.jar;C:\Users\Gustavo\.gradle\caches\transforms-2\files-2.1\d0862390be96da7493e7e84049c8bb05\interpolator-1.0.0-api.jar;C:\Users\Gustavo\.gradle\caches\transforms-2\files-2.1\2816b5c5f91b30c4fb84d2cbdc47fc32\documentfile-1.0.0-api.jar;C:\Users\Gustavo\.gradle\caches\transforms-2\files-2.1\addc4329916654f5abc808cbc3c9a117\localbroadcastmanager-1.0.0-api.jar;C:\Users\Gustavo\.gradle\caches\transforms-2\files-2.1\cd802325499decf6b77c8b1c1f173ee4\print-1.0.0-api.jar;C:\Users\Gustavo\.gradle\caches\modules-2\files-2.1\androidx.annotation\annotation\1.2.0\57136ff68ee784c6e19db34ed4a175338fadfde1\annotation-1.2.0.jar;C:\Users\Gustavo\.gradle\caches\transforms-2\files-2.1\9a507edbc067d769a99d387e295ae387\jetified-annotation-experimental-1.0.0-api.jar;C:\Users\Gustavo\.gradle\caches\modules-2\files-2.1\androidx.constraintlayout\constraintlayout-solver\2.0.4\1f001d7db280a89a6c26b26a66eb064bb6d5efeb\constraintlayout-solver-2.0.4.jar;C:\Users\Gustavo\AppData\Local\Android\Sdk\platforms\android-30\android.jar;C:\Users\Gustavo\AppData\Local\Android\Sdk\build-tools\30.0.3\core-lambda-stubs.jar -d D:\descargas\torrents descargados\neolab2021kotlin-master\Clase 2\app\build\tmp\kotlin-classes\debug -Xjava-source-roots=D:\descargas\torrents descargados\neolab2021kotlin-master\Clase 2\app\build\generated\source\buildConfig\debug -jvm-target 1.8 -module-name app_debug -no-jdk -no-reflect -no-stdlib -Xcommon-sources=D:\descargas\torrents descargados\neolab2021kotlin-master\Clase 2\app\src\main\java\edu\neo\dao\DbHelper.kt,D:\descargas\torrents descargados\neolab2021kotlin-master\Clase 2\app\src\main\java\edu\neo\model\Persona.kt,D:\descargas\torrents descargados\neolab2021kotlin-master\Clase 2\app\src\main\java\edu\neo\model\User.kt,D:\descargas\torrents descargados\neolab2021kotlin-master\Clase 2\app\src\main\java\edu\neo\view\InicioActivity.kt,D:\descargas\torrents descargados\neolab2021kotlin-master\Clase 2\app\src\main\java\edu\neo\view\MainActivity.kt,D:\descargas\torrents descargados\neolab2021kotlin-master\Clase 2\app\src\main\java\edu\neo\view\PersonaModificarActivity.kt,D:\descargas\torrents descargados\neolab2021kotlin-master\Clase 2\app\src\main\java\edu\neo\viewmodel\PersonaModificarViewModel.kt,D:\descargas\torrents descargados\neolab2021kotlin-master\Clase 2\app\src\main\java\edu\neo\viewmodel\PersonaViewModel.kt,D:\descargas\torrents descargados\neolab2021kotlin-master\Clase 2\app\src\main\java\edu\neo\viewmodel\recycleview\PersonaAdapter.kt,D:\descargas\torrents descargados\neolab2021kotlin-master\Clase 2\app\src\main\java\edu\neo\viewmodel\UserViewModel.kt D:\descargas\torrents descargados\neolab2021kotlin-master\Clase 2\app\src\main\java\edu\neo\dao\DbHelper.kt D:\descargas\torrents descargados\neolab2021kotlin-master\Clase 2\app\src\main\java\edu\neo\model\Persona.kt D:\descargas\torrents descargados\neolab2021kotlin-master\Clase 2\app\src\main\java\edu\neo\model\User.kt D:\descargas\torrents descargados\neolab2021kotlin-master\Clase 2\app\src\main\java\edu\neo\view\InicioActivity.kt D:\descargas\torrents descargados\neolab2021kotlin-master\Clase 2\app\src\main\java\edu\neo\view\MainActivity.kt D:\descargas\torrents descargados\neolab2021kotlin-master\Clase 2\app\src\main\java\edu\neo\view\PersonaModificarActivity.kt D:\descargas\torrents descargados\neolab2021kotlin-master\Clase 2\app\src\main\java\edu\neo\viewmodel\PersonaModificarViewModel.kt D:\descargas\torrents descargados\neolab2021kotlin-master\Clase 2\app\src\main\java\edu\neo\viewmodel\PersonaViewModel.kt D:\descargas\torrents descargados\neolab2021kotlin-master\Clase 2\app\src\main\java\edu\neo\viewmodel\recycleview\PersonaAdapter.kt D:\descargas\torrents descargados\neolab2021kotlin-master\Clase 2\app\src\main\java\edu\neo\viewmodel\UserViewModel.kt

Host: Intel(R) Core(TM) i7-6500U CPU @ 2.50GHz, 4 cores, 11G,  Windows 10 , 64 bit Build 19041 (10.0.19041.1023)
Time: Sun Jul  4 23:00:25 2021 Hora estándar de Argentina elapsed time: 0 seconds (0d 0h 0m 0s)

---------------  T H R E A D  ---------------

Current thread (0x000002a18ef1d800):  JavaThread "Unknown thread" [_thread_in_vm, id=5808, stack(0x000000a66ea00000,0x000000a66eb00000)]

Stack: [0x000000a66ea00000,0x000000a66eb00000]
Native frames: (J=compiled Java code, j=interpreted, Vv=VM code, C=native code)
V  [jvm.dll+0x5de50a]
V  [jvm.dll+0x7122f5]
V  [jvm.dll+0x71384d]
V  [jvm.dll+0x713f03]
V  [jvm.dll+0x23e728]
V  [jvm.dll+0x5db9a4]
V  [jvm.dll+0x5d0ae5]
V  [jvm.dll+0x2fb20b]
V  [jvm.dll+0x2fb17a]
V  [jvm.dll+0x2fb052]
V  [jvm.dll+0x2fff16]
V  [jvm.dll+0x348743]
V  [jvm.dll+0x348e46]
V  [jvm.dll+0x348843]
V  [jvm.dll+0x2d5d68]
V  [jvm.dll+0x2d6f07]
V  [jvm.dll+0x6f11f7]
V  [jvm.dll+0x6f29ec]
V  [jvm.dll+0x355cb9]
V  [jvm.dll+0x6d4ade]
V  [jvm.dll+0x3bdfe3]
V  [jvm.dll+0x3c0201]
C  [jli.dll+0x5373]
C  [ucrtbase.dll+0x21bb2]
C  [KERNEL32.DLL+0x17034]
C  [ntdll.dll+0x52651]


---------------  P R O C E S S  ---------------

Threads class SMR info:
_java_thread_list=0x000002a18cdaeb00, length=0, elements={
}

Java Threads: ( => current thread )

Other Threads:
  0x000002a18ef36000 GCTaskThread "GC Thread#0" [stack: 0x000000a66eb00000,0x000000a66ec00000] [id=7304]
  0x000002a18ef7c000 ConcurrentGCThread "G1 Main Marker" [stack: 0x000000a66ec00000,0x000000a66ed00000] [id=11132]
  0x000002a18ef7d000 ConcurrentGCThread "G1 Conc#0" [stack: 0x000000a66ed00000,0x000000a66ee00000] [id=12116]

[error occurred during error reporting (printing all threads), id 0xc0000005, EXCEPTION_ACCESS_VIOLATION (0xc0000005) at pc=0x00007ffaa29b6357]

VM state:not at safepoint (not fully initialized)

VM Mutex/Monitor currently owned by a thread:  ([mutex/lock_event])
[0x000002a18ef19c80] Heap_lock - owner thread: 0x000002a18ef1d800

Heap address: 0x0000000741600000, size: 3050 MB, Compressed Oops mode: Non-zero based: 0x0000000741600000
Narrow klass base: 0x0000000000000000, Narrow klass shift: 0

GC Heap History (0 events):
No events

Deoptimization events (0 events):
No events

Classes redefined (0 events):
No events

Internal exceptions (0 events):
No events

Events (1 events):
Event: 0.013 Loaded shared library D:\programas\android studio\jre\bin\zip.dll


Dynamic libraries:
0x00007ff743890000 - 0x00007ff74389a000 	D:\programas\android studio\jre\bin\java.exe
0x00007ffb03bb0000 - 0x00007ffb03da5000 	C:\WINDOWS\SYSTEM32\ntdll.dll
0x00007ffb032e0000 - 0x00007ffb0339d000 	C:\WINDOWS\System32\KERNEL32.DLL
0x00007ffb01550000 - 0x00007ffb01819000 	C:\WINDOWS\System32\KERNELBASE.dll
0x00007ffb01450000 - 0x00007ffb01550000 	C:\WINDOWS\System32\ucrtbase.dll
0x00007ffaf9920000 - 0x00007ffaf9939000 	D:\programas\android studio\jre\bin\jli.dll
0x00007ffb01d50000 - 0x00007ffb01ef0000 	C:\WINDOWS\System32\USER32.dll
0x00007ffb01820000 - 0x00007ffb01842000 	C:\WINDOWS\System32\win32u.dll
0x00007ffb03990000 - 0x00007ffb039ba000 	C:\WINDOWS\System32\GDI32.dll
0x00007ffb01a70000 - 0x00007ffb01b7b000 	C:\WINDOWS\System32\gdi32full.dll
0x00007ffb01b80000 - 0x00007ffb01c1d000 	C:\WINDOWS\System32\msvcp_win.dll
0x00007ffaf75d0000 - 0x00007ffaf75e7000 	D:\programas\android studio\jre\bin\VCRUNTIME140.dll
0x00007ffaef4c0000 - 0x00007ffaef75a000 	C:\WINDOWS\WinSxS\amd64_microsoft.windows.common-controls_6595b64144ccf1df_6.0.19041.1052_none_60b8f8fd71f5e8cb\COMCTL32.dll
0x00007ffb031d0000 - 0x00007ffb0326e000 	C:\WINDOWS\System32\msvcrt.dll
0x00007ffb031a0000 - 0x00007ffb031d0000 	C:\WINDOWS\System32\IMM32.DLL
0x00007ffad9090000 - 0x00007ffad912d000 	D:\programas\android studio\jre\bin\msvcp140.dll
0x00007ffaa26d0000 - 0x00007ffaa318c000 	D:\programas\android studio\jre\bin\server\jvm.dll
0x00007ffb02800000 - 0x00007ffb028ac000 	C:\WINDOWS\System32\ADVAPI32.dll
0x00007ffb02ea0000 - 0x00007ffb02f3b000 	C:\WINDOWS\System32\sechost.dll
0x00007ffb028b0000 - 0x00007ffb029da000 	C:\WINDOWS\System32\RPCRT4.dll
0x00007ffb027f0000 - 0x00007ffb027f8000 	C:\WINDOWS\System32\PSAPI.DLL
0x00007ffadc2e0000 - 0x00007ffadc2e9000 	C:\WINDOWS\SYSTEM32\WSOCK32.dll
0x00007ffb03080000 - 0x00007ffb030eb000 	C:\WINDOWS\System32\WS2_32.dll
0x00007ffae7070000 - 0x00007ffae7097000 	C:\WINDOWS\SYSTEM32\WINMM.dll
0x00007ffaf8800000 - 0x00007ffaf880a000 	C:\WINDOWS\SYSTEM32\VERSION.dll
0x00007ffaffb70000 - 0x00007ffaffb82000 	C:\WINDOWS\SYSTEM32\kernel.appcore.dll
0x00007ffafb0f0000 - 0x00007ffafb101000 	D:\programas\android studio\jre\bin\verify.dll
0x00007ffae9d60000 - 0x00007ffae9f44000 	C:\WINDOWS\SYSTEM32\DBGHELP.DLL
0x00007ffae9c40000 - 0x00007ffae9c6c000 	C:\WINDOWS\SYSTEM32\dbgcore.DLL
0x00007ffb019e0000 - 0x00007ffb01a63000 	C:\WINDOWS\System32\bcryptPrimitives.dll
0x00007ffafaf40000 - 0x00007ffafaf69000 	D:\programas\android studio\jre\bin\java.dll
0x00007ffafb440000 - 0x00007ffafb44b000 	D:\programas\android studio\jre\bin\jimage.dll
0x00007ffaf9cb0000 - 0x00007ffaf9cc8000 	D:\programas\android studio\jre\bin\zip.dll

dbghelp: loaded successfully - version: 4.0.5 - missing functions: none
symbol engine: initialized successfully - sym options: 0x614 - pdb path: .;D:\programas\android studio\jre\bin;C:\WINDOWS\SYSTEM32;C:\WINDOWS\WinSxS\amd64_microsoft.windows.common-controls_6595b64144ccf1df_6.0.19041.1052_none_60b8f8fd71f5e8cb;D:\programas\android studio\jre\bin\server

VM Arguments:
java_command: org.jetbrains.kotlin.cli.jvm.K2JVMCompiler -Xallow-no-source-files -classpath D:\descargas\torrents descargados\neolab2021kotlin-master\Clase 2\app\build\intermediates\compile_and_runtime_not_namespaced_r_class_jar\debug\R.jar;C:\Users\Gustavo\.gradle\caches\transforms-2\files-2.1\edc8d46ba3594296fd9904aaab928270\jetified-core-ktx-1.5.0-api.jar;C:\Users\Gustavo\.gradle\caches\transforms-2\files-2.1\ec43dc6ef3b44f49ca5a439053606390\jetified-kotlin-stdlib-1.4.31.jar;C:\Users\Gustavo\.gradle\caches\transforms-2\files-2.1\16cbbb91f947720bf269daba23560b7c\jetified-kotlin-stdlib-common-1.4.31.jar;C:\Users\Gustavo\.gradle\caches\transforms-2\files-2.1\749a935869b74128cc05c55e7ecad714\jetified-annotations-13.0.jar;C:\Users\Gustavo\.gradle\caches\transforms-2\files-2.1\c3d300acb46c6889df4c7185a098cb30\material-1.3.0-api.jar;C:\Users\Gustavo\.gradle\caches\transforms-2\files-2.1\25be8caf3b5ccfccf933ff772d666875\constraintlayout-2.0.4-api.jar;C:\Users\Gustavo\.gradle\caches\transforms-2\files-2.1\9a439d1847cf98209d42bb4a489144f9\appcompat-1.3.0-api.jar;C:\Users\Gustavo\.gradle\caches\transforms-2\files-2.1\8f963829c79eff4434800193c2bd038d\jetified-viewpager2-1.0.0-api.jar;C:\Users\Gustavo\.gradle\caches\transforms-2\files-2.1\3f3325045214da2b31d13442e51722ab\recyclerview-1.2.1-api.jar;C:\Users\Gustavo\.gradle\caches\transforms-2\files-2.1\a015bddf1226abb6a6edfae730afdd7d\fragment-1.3.4-api.jar;C:\Users\Gustavo\.gradle\caches\transforms-2\files-2.1\51e47fa7222b8b1a800599352b83aa62\jetified-activity-1.2.3-api.jar;C:\Users\Gustavo\.gradle\caches\transforms-2\files-2.1\6b4ddc16a2c6d90671c64290d11c9d6b\jetified-appcompat-resources-1.3.0-api.jar;C:\Users\Gustavo\.gradle\caches\transforms-2\files-2.1\dfe8ba742ff065333dcc1017c8462c4a\drawerlayout-1.0.0-api.jar;C:\Users\Gustavo\.gradle\caches\transforms-2\files-2.1\add46a35c1b31b0325459deed60f64c8\coordinatorlayout-1.1.0-api.jar;C:\Users\Gustavo\.gradle\caches\transforms-2\files-2.1\12fcf75aff2ed790b1b142c52c6fa76a\dyna
java_class_path (initial): C:\Users\Gustavo\.gradle\caches\modules-2\files-2.1\org.jetbrains.kotlin\kotlin-compiler-embeddable\1.3.72\fb72232c8fa977d5e07d33c43381ddbdc5edab6\kotlin-compiler-embeddable-1.3.72.jar;C:\Users\Gustavo\.gradle\caches\modules-2\files-2.1\org.jetbrains.kotlin\kotlin-reflect\1.3.72\86613e1a669a701b0c660bfd2af4f82a7ae11fca\kotlin-reflect-1.3.72.jar;C:\Users\Gustavo\.gradle\caches\modules-2\files-2.1\org.jetbrains.kotlin\kotlin-stdlib\1.3.72\8032138f12c0180bc4e51fe139d4c52b46db6109\kotlin-stdlib-1.3.72.jar;C:\Users\Gustavo\.gradle\caches\modules-2\files-2.1\org.jetbrains.kotlin\kotlin-script-runtime\1.3.72\657d8d34d91e1964b4439378c09933e840bfe8d5\kotlin-script-runtime-1.3.72.jar;C:\Users\Gustavo\.gradle\caches\modules-2\files-2.1\org.jetbrains.kotlin\kotlin-daemon-embeddable\1.3.72\53bbaa2816dbf6bdb85f629451b1fcc88f2164d2\kotlin-daemon-embeddable-1.3.72.jar;C:\Users\Gustavo\.gradle\caches\modules-2\files-2.1\org.jetbrains.intellij.deps\trove4j\1.0.20181211\216c2e14b070f334479d800987affe4054cd563f\trove4j-1.0.20181211.jar;C:\Users\Gustavo\.gradle\caches\modules-2\files-2.1\org.jetbrains.kotlin\kotlin-stdlib-common\1.3.72\6ca8bee3d88957eaaaef077c41c908c9940492d8\kotlin-stdlib-common-1.3.72.jar;C:\Users\Gustavo\.gradle\caches\modules-2\files-2.1\org.jetbrains\annotations\13.0\919f0dfe192fb4e063e7dacadee7f8bb9a2672a9\annotations-13.0.jar
Launcher Type: SUN_STANDARD

[Global flags]
     intx CICompilerCount                          = 3                                         {product} {ergonomic}
     uint ConcGCThreads                            = 1                                         {product} {ergonomic}
     uint G1ConcRefinementThreads                  = 4                                         {product} {ergonomic}
   size_t G1HeapRegionSize                         = 1048576                                   {product} {ergonomic}
    uintx GCDrainStackTargetSize                   = 64                                        {product} {ergonomic}
   size_t InitialHeapSize                          = 201326592                                 {product} {ergonomic}
   size_t MarkStackSize                            = 4194304                                   {product} {ergonomic}
   size_t MaxHeapSize                              = 3198156800                                {product} {ergonomic}
   size_t MinHeapDeltaBytes                        = 1048576                                   {product} {ergonomic}
    uintx NonNMethodCodeHeapSize                   = 5830732                                {pd product} {ergonomic}
    uintx NonProfiledCodeHeapSize                  = 122913754                              {pd product} {ergonomic}
    uintx ProfiledCodeHeapSize                     = 122913754                              {pd product} {ergonomic}
    uintx ReservedCodeCacheSize                    = 251658240                              {pd product} {ergonomic}
     bool SegmentedCodeCache                       = true                                      {product} {ergonomic}
     bool UseCompressedClassPointers               = true                                 {lp64_product} {ergonomic}
     bool UseCompressedOops                        = true                                 {lp64_product} {ergonomic}
     bool UseG1GC                                  = true                                      {product} {ergonomic}
     bool UseLargePagesIndividualAllocation        = false                                  {pd product} {ergonomic}

Logging:
Log output configuration:
 #0: stdout all=warning uptime,level,tags
 #1: stderr all=off uptime,level,tags

Environment Variables:
PATH=C:\Program Files\Common Files\Oracle\Java\javapath;C:\Program Files (x86)\Common Files\Oracle\Java\javapath;C:\WINDOWS\system32;C:\WINDOWS;C:\WINDOWS\System32\Wbem;C:\WINDOWS\System32\WindowsPowerShell\v1.0\;C:\WINDOWS\System32\OpenSSH\;D:\programas\putty\;C:\Program Files\Git\cmd;C:\Program Files\Microsoft SQL Server\Client SDK\ODBC\110\Tools\Binn\;C:\Program Files (x86)\Microsoft SQL Server\120\Tools\Binn\;C:\Program Files\Microsoft SQL Server\120\Tools\Binn\;C:\Program Files\Microsoft SQL Server\120\DTS\Binn\;C:\Program Files (x86)\Windows Kits\8.1\Windows Performance Toolkit\;C:\Program Files\nodejs\;C:\Program Files\MongoDB\Server\4.4\bin;;C:\Program Files\Docker\Docker\resources\bin;C:\ProgramData\DockerDesktop\version-bin;C:\Users\Gustavo\AppData\Local\Programs\Python\Python39\Scripts\;C:\Users\Gustavo\AppData\Local\Programs\Python\Python39\;C:\Users\Gustavo\AppData\Local\Microsoft\WindowsApps;C:\Users\Gustavo\AppData\Local\Programs\Microsoft VS Code\bin;C:\Program Files\heroku\bin;C:\Users\Gustavo\AppData\Roaming\npm;D:\programas\heroku\bin;C:\Users\Gustavo\AppData\Local\GitHubDesktop\bin
USERNAME=Gustavo
OS=Windows_NT
PROCESSOR_IDENTIFIER=Intel64 Family 6 Model 78 Stepping 3, GenuineIntel



---------------  S Y S T E M  ---------------

OS: Windows 10 , 64 bit Build 19041 (10.0.19041.1023)
OS uptime: 0 days 9:33 hours
HyperV virtualization detected

CPU:total 4 (initial active 4) (2 cores per cpu, 2 threads per core) family 6 model 78 stepping 3, cmov, cx8, fxsr, mmx, sse, sse2, sse3, ssse3, sse4.1, sse4.2, popcnt, avx, avx2, aes, clmul, erms, 3dnowpref, lzcnt, ht, tsc, tscinvbit, bmi1, bmi2, adx, fma

Memory: 4k page, system-wide physical 12195M (197M free)
TotalPageFile size 12195M (AvailPageFile size 39M)
current process WorkingSet (physical memory assigned to process): 10M, peak: 10M
current process commit charge ("private bytes"): 51M, peak: 243M

vm_info: OpenJDK 64-Bit Server VM (11.0.8+10-b944.6842174) for windows-amd64 JRE (11.0.8+10-b944.6842174), built on Sep 19 2020 01:11:42 by "builder" with MS VC++ 14.0 (VS2015)

END.
