#
# There is insufficient memory for the Java Runtime Environment to continue.
# Native memory allocation (malloc) failed to allocate 1108496 bytes for Chunk::new
# Possible reasons:
#   The system is out of physical RAM or swap space
#   The process is running with CompressedOops enabled, and the Java Heap may be blocking the growth of the native heap
# Possible solutions:
#   Reduce memory load on the system
#   Increase physical memory or swap space
#   Check if swap backing store is full
#   Decrease Java heap size (-Xmx/-Xms)
#   Decrease number of Java threads
#   Decrease Java thread stack sizes (-Xss)
#   Set larger code cache with -XX:ReservedCodeCacheSize=
#   JVM is running with Unscaled Compressed Oops mode in which the Java heap is
#     placed in the first 4GB address space. The Java Heap base address is the
#     maximum limit for the native heap growth. Please use -XX:HeapBaseMinAddress
#     to set the Java Heap base and to place the Java Heap above 4GB virtual address.
# This output file may be truncated or incomplete.
#
#  Out of Memory Error (./src/hotspot/share/memory/arena.cpp:197), pid=6492, tid=8760
#
# JRE version: OpenJDK Runtime Environment (11.0.8+10) (build 11.0.8+10-b944.6842174)
# Java VM: OpenJDK 64-Bit Server VM (11.0.8+10-b944.6842174, mixed mode, tiered, compressed oops, g1 gc, windows-amd64)
# No core dump will be written. Minidumps are not enabled by default on client versions of Windows
#

---------------  S U M M A R Y ------------

Command Line: --add-opens=java.base/java.util=ALL-UNNAMED --add-opens=java.base/java.lang=ALL-UNNAMED --add-opens=java.base/java.lang.invoke=ALL-UNNAMED --add-opens=java.prefs/java.util.prefs=ALL-UNNAMED -Xmx2048m -Dfile.encoding=UTF-8 -Duser.country=AR -Duser.language=es -Duser.variant org.gradle.launcher.daemon.bootstrap.GradleDaemon 6.5

Host: Intel(R) Core(TM) i7-6500U CPU @ 2.50GHz, 4 cores, 11G,  Windows 10 , 64 bit Build 19041 (10.0.19041.1023)
Time: Sun Jul  4 22:58:32 2021 Hora estándar de Argentina elapsed time: 6713 seconds (0d 1h 51m 53s)

---------------  T H R E A D  ---------------

Current thread (0x0000024cec804000):  JavaThread "C2 CompilerThread0" daemon [_thread_in_native, id=8760, stack(0x0000008846000000,0x0000008846100000)]


Current CompileTask:
C2:6713915 14258       4       org.gradle.api.internal.artifacts.configurations.DefaultConfiguration::collectSuperConfigs (61 bytes)

Stack: [0x0000008846000000,0x0000008846100000]
Native frames: (J=compiled Java code, j=interpreted, Vv=VM code, C=native code)
V  [jvm.dll+0x5de50a]
V  [jvm.dll+0x7122f5]
V  [jvm.dll+0x71384d]
V  [jvm.dll+0x713f03]
V  [jvm.dll+0x23e728]
V  [jvm.dll+0xb899c]
V  [jvm.dll+0xb8e9c]
V  [jvm.dll+0x35024d]
V  [jvm.dll+0x193ebc]
V  [jvm.dll+0x1f780e]
V  [jvm.dll+0x1f68d4]
V  [jvm.dll+0x17f32c]
V  [jvm.dll+0x205047]
V  [jvm.dll+0x203891]
V  [jvm.dll+0x6dad3f]
V  [jvm.dll+0x6d3895]
V  [jvm.dll+0x5dd4a6]
C  [ucrtbase.dll+0x21bb2]
C  [KERNEL32.DLL+0x17034]
C  [ntdll.dll+0x52651]


---------------  P R O C E S S  ---------------

Threads class SMR info:
_java_thread_list=0x0000024cf2f66880, length=150, elements={
0x0000024cd24fe000, 0x0000024cebf95000, 0x0000024cebf9e000, 0x0000024cec7fd800,
0x0000024cec7ff800, 0x0000024cec804000, 0x0000024cec807000, 0x0000024cec80d800,
0x0000024cec95a800, 0x0000024cec9be800, 0x0000024ceddc7000, 0x0000024ced7c6000,
0x0000024ced9f8000, 0x0000024cee6e5800, 0x0000024cee6e6000, 0x0000024cee6e3000,
0x0000024cee6e8800, 0x0000024cf14fb800, 0x0000024cf1072800, 0x0000024cf106d800,
0x0000024cf106b000, 0x0000024cf106d000, 0x0000024cf106e800, 0x0000024cf106a800,
0x0000024cf1069800, 0x0000024cf106f000, 0x0000024cf106c000, 0x0000024cf1074000,
0x0000024cf1075000, 0x0000024cf1076000, 0x0000024cf1070000, 0x0000024cf1076800,
0x0000024cf1071000, 0x0000024cf1078000, 0x0000024cf1077800, 0x0000024cf14f9000,
0x0000024cf14fd000, 0x0000024cf14fa000, 0x0000024cf14f7800, 0x0000024cf14fe000,
0x0000024cf14f8800, 0x0000024cf1503800, 0x0000024cf1501800, 0x0000024cf14ff000,
0x0000024cf1504800, 0x0000024cf1500800, 0x0000024cf1503000, 0x0000024cf1505800,
0x0000024cf14ff800, 0x0000024cf1502000, 0x0000024cee6e7000, 0x0000024cee6e4800,
0x0000024cee6e2000, 0x0000024cee6e8000, 0x0000024cee6e3800, 0x0000024cf12c7000,
0x0000024cf12ca800, 0x0000024cf12c8000, 0x0000024cf12ce000, 0x0000024cf12c9000,
0x0000024cf12cf800, 0x0000024cf12c9800, 0x0000024cf12d1000, 0x0000024cf12cb800,
0x0000024cf12ce800, 0x0000024cf12d2000, 0x0000024cf12cd000, 0x0000024cf12d0000,
0x0000024cf12cc000, 0x0000024cf12d2800, 0x0000024cf12d3800, 0x0000024cf12d5000,
0x0000024cf12d4800, 0x0000024cf12d6000, 0x0000024cef151000, 0x0000024cef14e800,
0x0000024cef14d800, 0x0000024cef14f800, 0x0000024cef150000, 0x0000024cef14b800,
0x0000024cef14c000, 0x0000024cef152000, 0x0000024cef152800, 0x0000024cef14d000,
0x0000024cef156800, 0x0000024cef153800, 0x0000024cef15a000, 0x0000024cef156000,
0x0000024cef157800, 0x0000024cef159000, 0x0000024cef158800, 0x0000024cef154000,
0x0000024cef155000, 0x0000024ceec15800, 0x0000024ceec17000, 0x0000024ceec16800,
0x0000024ceec18000, 0x0000024ceec19000, 0x0000024ceec19800, 0x0000024ceec14000,
0x0000024ceec1a800, 0x0000024ceec14800, 0x0000024ceec1d800, 0x0000024ceec1c000,
0x0000024ceec20000, 0x0000024ceec1e800, 0x0000024ceec21000, 0x0000024ceec1b800,
0x0000024ceec1f800, 0x0000024ceec22000, 0x0000024ceec1d000, 0x0000024ceec22800,
0x0000024cf3ff3000, 0x0000024cf3ff1800, 0x0000024cf3ff0800, 0x0000024cf3ff3800,
0x0000024cf3ff2000, 0x0000024cf3fef800, 0x0000024cf3ff4800, 0x0000024cf3ffa800,
0x0000024cf3ffb000, 0x0000024cf3ff6000, 0x0000024cf3ff7000, 0x0000024cf3ff5800,
0x0000024cf3ffc000, 0x0000024cf3ffc800, 0x0000024cf3ffd800, 0x0000024cf3ff8800,
0x0000024cf3ff8000, 0x0000024cf3ff9800, 0x0000024cf3ffe800, 0x0000024cf19b3000,
0x0000024cf19b2000, 0x0000024cf19b4000, 0x0000024cf19b6800, 0x0000024cf19b8800,
0x0000024cf19ba800, 0x0000024cf19b4800, 0x0000024cf19b7000, 0x0000024cf19b5800,
0x0000024cf19bb000, 0x0000024cf19bd000, 0x0000024cf19b8000, 0x0000024cf19bf800,
0x0000024cf19b9800, 0x0000024cf19bd800, 0x0000024cf19be800, 0x0000024cf19bc000,
0x0000024cf19c0000, 0x0000024cf19c1000
}

Java Threads: ( => current thread )
  0x0000024cd24fe000 JavaThread "main" [_thread_blocked, id=3712, stack(0x0000008845500000,0x0000008845600000)]
  0x0000024cebf95000 JavaThread "Reference Handler" daemon [_thread_blocked, id=2584, stack(0x0000008845c00000,0x0000008845d00000)]
  0x0000024cebf9e000 JavaThread "Finalizer" daemon [_thread_blocked, id=12020, stack(0x0000008845d00000,0x0000008845e00000)]
  0x0000024cec7fd800 JavaThread "Signal Dispatcher" daemon [_thread_blocked, id=8124, stack(0x0000008845e00000,0x0000008845f00000)]
  0x0000024cec7ff800 JavaThread "Attach Listener" daemon [_thread_blocked, id=10664, stack(0x0000008845f00000,0x0000008846000000)]
=>0x0000024cec804000 JavaThread "C2 CompilerThread0" daemon [_thread_in_native, id=8760, stack(0x0000008846000000,0x0000008846100000)]
  0x0000024cec807000 JavaThread "C1 CompilerThread0" daemon [_thread_blocked, id=4172, stack(0x0000008846100000,0x0000008846200000)]
  0x0000024cec80d800 JavaThread "Sweeper thread" daemon [_thread_blocked, id=7652, stack(0x0000008846200000,0x0000008846300000)]
  0x0000024cec95a800 JavaThread "Common-Cleaner" daemon [_thread_blocked, id=9476, stack(0x0000008846300000,0x0000008846400000)]
  0x0000024cec9be800 JavaThread "Service Thread" daemon [_thread_blocked, id=2176, stack(0x0000008846400000,0x0000008846500000)]
  0x0000024ceddc7000 JavaThread "Daemon health stats" [_thread_blocked, id=11136, stack(0x0000008846a00000,0x0000008846b00000)]
  0x0000024ced7c6000 JavaThread "Incoming local TCP Connector on port 49464" [_thread_in_native, id=1700, stack(0x0000008846c00000,0x0000008846d00000)]
  0x0000024ced9f8000 JavaThread "Daemon periodic checks" [_thread_blocked, id=5172, stack(0x0000008846d00000,0x0000008846e00000)]
  0x0000024cee6e5800 JavaThread "Cache worker for journal cache (C:\Users\Gustavo\.gradle\caches\journal-1)" [_thread_blocked, id=7912, stack(0x0000008847500000,0x0000008847600000)]
  0x0000024cee6e6000 JavaThread "File lock request listener" [_thread_in_native, id=11664, stack(0x0000008847600000,0x0000008847700000)]
  0x0000024cee6e3000 JavaThread "Cache worker for file hash cache (C:\Users\Gustavo\.gradle\caches\6.5\fileHashes)" [_thread_blocked, id=11284, stack(0x0000008847700000,0x0000008847800000)]
  0x0000024cee6e8800 JavaThread "Cache worker for execution history cache (C:\Users\Gustavo\.gradle\caches\6.5\executionHistory)" [_thread_blocked, id=9132, stack(0x0000008847d00000,0x0000008847e00000)]
  0x0000024cf14fb800 JavaThread "Cache worker for file content cache (C:\Users\Gustavo\.gradle\caches\6.5\fileContent)" [_thread_blocked, id=3920, stack(0x0000008847f00000,0x0000008848000000)]
  0x0000024cf1072800 JavaThread "Memory manager" [_thread_blocked, id=8784, stack(0x000000884f500000,0x000000884f600000)]
  0x0000024cf106d800 JavaThread "Daemon Thread 3" [_thread_blocked, id=10464, stack(0x0000008845200000,0x0000008845300000)]
  0x0000024cf106b000 JavaThread "Handler for socket connection from /127.0.0.1:49464 to /127.0.0.1:60590" [_thread_in_native, id=11652, stack(0x0000008845300000,0x0000008845400000)]
  0x0000024cf106d000 JavaThread "Cancel handler" [_thread_blocked, id=472, stack(0x0000008845400000,0x0000008845500000)]
  0x0000024cf106e800 JavaThread "Daemon worker Thread 3" [_thread_in_vm, id=1928, stack(0x0000008846600000,0x0000008846700000)]
  0x0000024cf106a800 JavaThread "Asynchronous log dispatcher for DefaultDaemonConnection: socket connection from /127.0.0.1:49464 to /127.0.0.1:60590" [_thread_blocked, id=9788, stack(0x0000008846b00000,0x0000008846c00000)]
  0x0000024cf1069800 JavaThread "Stdin handler" [_thread_blocked, id=10492, stack(0x0000008846e00000,0x0000008846f00000)]
  0x0000024cf106f000 JavaThread "Thread-305" [_thread_blocked, id=9112, stack(0x0000008846f00000,0x0000008847000000)]
  0x0000024cf106c000 JavaThread "Cache worker for file hash cache (D:\descargas\torrents descargados\neolab2021kotlin-master\Clase 2\.gradle\6.5\fileHashes)" [_thread_blocked, id=956, stack(0x0000008847000000,0x0000008847100000)]
  0x0000024cf1074000 JavaThread "Cache worker for checksums cache (D:\descargas\torrents descargados\neolab2021kotlin-master\Clase 2\.gradle\checksums)" [_thread_blocked, id=6372, stack(0x0000008847100000,0x0000008847200000)]
  0x0000024cf1075000 JavaThread "Cache worker for cache directory md-supplier (C:\Users\Gustavo\.gradle\caches\6.5\md-supplier)" [_thread_blocked, id=11688, stack(0x0000008847200000,0x0000008847300000)]
  0x0000024cf1076000 JavaThread "Cache worker for cache directory md-rule (C:\Users\Gustavo\.gradle\caches\6.5\md-rule)" [_thread_blocked, id=9424, stack(0x0000008847300000,0x0000008847400000)]
  0x0000024cf1070000 JavaThread "Build operations" [_thread_blocked, id=9676, stack(0x0000008847800000,0x0000008847900000)]
  0x0000024cf1076800 JavaThread "jar transforms Thread 227" [_thread_blocked, id=3708, stack(0x0000008847900000,0x0000008847a00000)]
  0x0000024cf1071000 JavaThread "gradle-enterprise-worker-0" [_thread_in_vm, id=2620, stack(0x0000008847b00000,0x0000008847c00000)]
  0x0000024cf1078000 JavaThread "Build operations Thread 2" [_thread_blocked, id=8812, stack(0x0000008847a00000,0x0000008847b00000)]
  0x0000024cf1077800 JavaThread "Build operations Thread 3" [_thread_blocked, id=3096, stack(0x0000008847c00000,0x0000008847d00000)]
  0x0000024cf14f9000 JavaThread "Build operations Thread 4" [_thread_blocked, id=6520, stack(0x0000008847e00000,0x0000008847f00000)]
  0x0000024cf14fd000 JavaThread "jar transforms Thread 228" [_thread_blocked, id=11488, stack(0x0000008848000000,0x0000008848100000)]
  0x0000024cf14fa000 JavaThread "jar transforms Thread 229" [_thread_blocked, id=2720, stack(0x0000008848100000,0x0000008848200000)]
  0x0000024cf14f7800 JavaThread "jar transforms Thread 230" [_thread_blocked, id=12028, stack(0x0000008848200000,0x0000008848300000)]
  0x0000024cf14fe000 JavaThread "jar transforms Thread 231" [_thread_blocked, id=8788, stack(0x0000008848300000,0x0000008848400000)]
  0x0000024cf14f8800 JavaThread "jar transforms Thread 232" [_thread_blocked, id=5472, stack(0x0000008848400000,0x0000008848500000)]
  0x0000024cf1503800 JavaThread "jar transforms Thread 233" [_thread_blocked, id=5252, stack(0x0000008848500000,0x0000008848600000)]
  0x0000024cf1501800 JavaThread "jar transforms Thread 234" [_thread_blocked, id=6052, stack(0x0000008848600000,0x0000008848700000)]
  0x0000024cf14ff000 JavaThread "jar transforms Thread 235" [_thread_blocked, id=4508, stack(0x0000008848700000,0x0000008848800000)]
  0x0000024cf1504800 JavaThread "jar transforms Thread 236" [_thread_blocked, id=1764, stack(0x0000008848800000,0x0000008848900000)]
  0x0000024cf1500800 JavaThread "jar transforms Thread 237" [_thread_blocked, id=2488, stack(0x0000008848900000,0x0000008848a00000)]
  0x0000024cf1503000 JavaThread "jar transforms Thread 238" [_thread_blocked, id=9848, stack(0x0000008848a00000,0x0000008848b00000)]
  0x0000024cf1505800 JavaThread "jar transforms Thread 239" [_thread_blocked, id=10292, stack(0x0000008848b00000,0x0000008848c00000)]
  0x0000024cf14ff800 JavaThread "jar transforms Thread 240" [_thread_blocked, id=1912, stack(0x0000008848c00000,0x0000008848d00000)]
  0x0000024cf1502000 JavaThread "jar transforms Thread 241" [_thread_blocked, id=6248, stack(0x0000008848d00000,0x0000008848e00000)]
  0x0000024cee6e7000 JavaThread "jar transforms Thread 242" [_thread_blocked, id=4448, stack(0x0000008848e00000,0x0000008848f00000)]
  0x0000024cee6e4800 JavaThread "jar transforms Thread 243" [_thread_blocked, id=3860, stack(0x0000008848f00000,0x0000008849000000)]
  0x0000024cee6e2000 JavaThread "jar transforms Thread 244" [_thread_blocked, id=7144, stack(0x0000008849000000,0x0000008849100000)]
  0x0000024cee6e8000 JavaThread "jar transforms Thread 245" [_thread_blocked, id=11544, stack(0x0000008849100000,0x0000008849200000)]
  0x0000024cee6e3800 JavaThread "jar transforms Thread 246" [_thread_blocked, id=11376, stack(0x0000008849200000,0x0000008849300000)]
  0x0000024cf12c7000 JavaThread "jar transforms Thread 247" [_thread_blocked, id=9388, stack(0x0000008849300000,0x0000008849400000)]
  0x0000024cf12ca800 JavaThread "jar transforms Thread 248" [_thread_blocked, id=5284, stack(0x0000008849400000,0x0000008849500000)]
  0x0000024cf12c8000 JavaThread "jar transforms Thread 249" [_thread_blocked, id=9792, stack(0x0000008849500000,0x0000008849600000)]
  0x0000024cf12ce000 JavaThread "jar transforms Thread 250" [_thread_blocked, id=11732, stack(0x0000008849600000,0x0000008849700000)]
  0x0000024cf12c9000 JavaThread "jar transforms Thread 251" [_thread_blocked, id=5936, stack(0x0000008849700000,0x0000008849800000)]
  0x0000024cf12cf800 JavaThread "jar transforms Thread 252" [_thread_blocked, id=6304, stack(0x0000008849800000,0x0000008849900000)]
  0x0000024cf12c9800 JavaThread "jar transforms Thread 253" [_thread_blocked, id=9248, stack(0x0000008849900000,0x0000008849a00000)]
  0x0000024cf12d1000 JavaThread "jar transforms Thread 254" [_thread_blocked, id=8732, stack(0x0000008849a00000,0x0000008849b00000)]
  0x0000024cf12cb800 JavaThread "jar transforms Thread 255" [_thread_blocked, id=10328, stack(0x0000008849b00000,0x0000008849c00000)]
  0x0000024cf12ce800 JavaThread "jar transforms Thread 256" [_thread_blocked, id=5128, stack(0x0000008849c00000,0x0000008849d00000)]
  0x0000024cf12d2000 JavaThread "jar transforms Thread 257" [_thread_blocked, id=11788, stack(0x0000008849d00000,0x0000008849e00000)]
  0x0000024cf12cd000 JavaThread "jar transforms Thread 258" [_thread_blocked, id=11420, stack(0x0000008849e00000,0x0000008849f00000)]
  0x0000024cf12d0000 JavaThread "jar transforms Thread 259" [_thread_blocked, id=9704, stack(0x0000008849f00000,0x000000884a000000)]
  0x0000024cf12cc000 JavaThread "jar transforms Thread 260" [_thread_blocked, id=8688, stack(0x000000884a000000,0x000000884a100000)]
  0x0000024cf12d2800 JavaThread "jar transforms Thread 261" [_thread_blocked, id=7344, stack(0x000000884a100000,0x000000884a200000)]
  0x0000024cf12d3800 JavaThread "jar transforms Thread 262" [_thread_blocked, id=3948, stack(0x000000884a200000,0x000000884a300000)]
  0x0000024cf12d5000 JavaThread "jar transforms Thread 263" [_thread_blocked, id=4292, stack(0x000000884a300000,0x000000884a400000)]
  0x0000024cf12d4800 JavaThread "jar transforms Thread 264" [_thread_blocked, id=7324, stack(0x000000884a400000,0x000000884a500000)]
  0x0000024cf12d6000 JavaThread "jar transforms Thread 265" [_thread_blocked, id=2388, stack(0x000000884a500000,0x000000884a600000)]
  0x0000024cef151000 JavaThread "jar transforms Thread 266" [_thread_blocked, id=10712, stack(0x000000884a600000,0x000000884a700000)]
  0x0000024cef14e800 JavaThread "jar transforms Thread 267" [_thread_blocked, id=2920, stack(0x000000884a700000,0x000000884a800000)]
  0x0000024cef14d800 JavaThread "jar transforms Thread 268" [_thread_blocked, id=3164, stack(0x000000884a800000,0x000000884a900000)]
  0x0000024cef14f800 JavaThread "jar transforms Thread 269" [_thread_blocked, id=664, stack(0x000000884a900000,0x000000884aa00000)]
  0x0000024cef150000 JavaThread "jar transforms Thread 270" [_thread_blocked, id=8392, stack(0x000000884aa00000,0x000000884ab00000)]
  0x0000024cef14b800 JavaThread "jar transforms Thread 271" [_thread_blocked, id=11464, stack(0x000000884ab00000,0x000000884ac00000)]
  0x0000024cef14c000 JavaThread "jar transforms Thread 272" [_thread_blocked, id=3716, stack(0x000000884ac00000,0x000000884ad00000)]
  0x0000024cef152000 JavaThread "jar transforms Thread 273" [_thread_blocked, id=732, stack(0x000000884ad00000,0x000000884ae00000)]
  0x0000024cef152800 JavaThread "jar transforms Thread 274" [_thread_blocked, id=2792, stack(0x000000884ae00000,0x000000884af00000)]
  0x0000024cef14d000 JavaThread "jar transforms Thread 275" [_thread_blocked, id=6460, stack(0x000000884af00000,0x000000884b000000)]
  0x0000024cef156800 JavaThread "jar transforms Thread 276" [_thread_blocked, id=9760, stack(0x000000884b000000,0x000000884b100000)]
  0x0000024cef153800 JavaThread "jar transforms Thread 277" [_thread_blocked, id=9116, stack(0x000000884b100000,0x000000884b200000)]
  0x0000024cef15a000 JavaThread "jar transforms Thread 278" [_thread_blocked, id=9728, stack(0x000000884b200000,0x000000884b300000)]
  0x0000024cef156000 JavaThread "jar transforms Thread 279" [_thread_blocked, id=6320, stack(0x000000884b300000,0x000000884b400000)]
  0x0000024cef157800 JavaThread "jar transforms Thread 280" [_thread_blocked, id=11560, stack(0x000000884b400000,0x000000884b500000)]
  0x0000024cef159000 JavaThread "jar transforms Thread 281" [_thread_blocked, id=11388, stack(0x000000884b500000,0x000000884b600000)]
  0x0000024cef158800 JavaThread "jar transforms Thread 282" [_thread_blocked, id=10828, stack(0x000000884b600000,0x000000884b700000)]
  0x0000024cef154000 JavaThread "jar transforms Thread 283" [_thread_blocked, id=9372, stack(0x000000884b700000,0x000000884b800000)]
  0x0000024cef155000 JavaThread "jar transforms Thread 284" [_thread_blocked, id=9580, stack(0x000000884b800000,0x000000884b900000)]
  0x0000024ceec15800 JavaThread "jar transforms Thread 285" [_thread_blocked, id=4044, stack(0x000000884b900000,0x000000884ba00000)]
  0x0000024ceec17000 JavaThread "jar transforms Thread 286" [_thread_blocked, id=12072, stack(0x000000884ba00000,0x000000884bb00000)]
  0x0000024ceec16800 JavaThread "jar transforms Thread 287" [_thread_blocked, id=6420, stack(0x000000884bb00000,0x000000884bc00000)]
  0x0000024ceec18000 JavaThread "jar transforms Thread 288" [_thread_blocked, id=10780, stack(0x000000884bc00000,0x000000884bd00000)]
  0x0000024ceec19000 JavaThread "jar transforms Thread 289" [_thread_blocked, id=9968, stack(0x000000884bd00000,0x000000884be00000)]
  0x0000024ceec19800 JavaThread "jar transforms Thread 290" [_thread_blocked, id=4268, stack(0x000000884be00000,0x000000884bf00000)]
  0x0000024ceec14000 JavaThread "jar transforms Thread 291" [_thread_blocked, id=10300, stack(0x000000884bf00000,0x000000884c000000)]
  0x0000024ceec1a800 JavaThread "jar transforms Thread 292" [_thread_blocked, id=11060, stack(0x000000884c000000,0x000000884c100000)]
  0x0000024ceec14800 JavaThread "jar transforms Thread 293" [_thread_blocked, id=10312, stack(0x000000884c100000,0x000000884c200000)]
  0x0000024ceec1d800 JavaThread "jar transforms Thread 294" [_thread_blocked, id=9732, stack(0x000000884c200000,0x000000884c300000)]
  0x0000024ceec1c000 JavaThread "jar transforms Thread 295" [_thread_blocked, id=4308, stack(0x000000884c300000,0x000000884c400000)]
  0x0000024ceec20000 JavaThread "jar transforms Thread 296" [_thread_blocked, id=4820, stack(0x000000884c400000,0x000000884c500000)]
  0x0000024ceec1e800 JavaThread "jar transforms Thread 297" [_thread_blocked, id=9452, stack(0x000000884c500000,0x000000884c600000)]
  0x0000024ceec21000 JavaThread "jar transforms Thread 298" [_thread_blocked, id=4304, stack(0x000000884c600000,0x000000884c700000)]
  0x0000024ceec1b800 JavaThread "jar transforms Thread 299" [_thread_blocked, id=7768, stack(0x000000884c700000,0x000000884c800000)]
  0x0000024ceec1f800 JavaThread "jar transforms Thread 300" [_thread_blocked, id=2132, stack(0x000000884c800000,0x000000884c900000)]
  0x0000024ceec22000 JavaThread "jar transforms Thread 301" [_thread_blocked, id=5092, stack(0x000000884c900000,0x000000884ca00000)]
  0x0000024ceec1d000 JavaThread "jar transforms Thread 302" [_thread_blocked, id=3196, stack(0x000000884ca00000,0x000000884cb00000)]
  0x0000024ceec22800 JavaThread "jar transforms Thread 303" [_thread_blocked, id=11624, stack(0x000000884cb00000,0x000000884cc00000)]
  0x0000024cf3ff3000 JavaThread "jar transforms Thread 304" [_thread_blocked, id=8768, stack(0x000000884cc00000,0x000000884cd00000)]
  0x0000024cf3ff1800 JavaThread "jar transforms Thread 305" [_thread_blocked, id=7684, stack(0x000000884cd00000,0x000000884ce00000)]
  0x0000024cf3ff0800 JavaThread "jar transforms Thread 306" [_thread_blocked, id=9088, stack(0x000000884ce00000,0x000000884cf00000)]
  0x0000024cf3ff3800 JavaThread "jar transforms Thread 307" [_thread_blocked, id=9008, stack(0x000000884cf00000,0x000000884d000000)]
  0x0000024cf3ff2000 JavaThread "jar transforms Thread 308" [_thread_blocked, id=10168, stack(0x000000884d000000,0x000000884d100000)]
  0x0000024cf3fef800 JavaThread "jar transforms Thread 309" [_thread_blocked, id=340, stack(0x000000884d100000,0x000000884d200000)]
  0x0000024cf3ff4800 JavaThread "jar transforms Thread 310" [_thread_blocked, id=8684, stack(0x000000884d200000,0x000000884d300000)]
  0x0000024cf3ffa800 JavaThread "jar transforms Thread 311" [_thread_blocked, id=10612, stack(0x000000884d300000,0x000000884d400000)]
  0x0000024cf3ffb000 JavaThread "jar transforms Thread 312" [_thread_blocked, id=10332, stack(0x000000884d400000,0x000000884d500000)]
  0x0000024cf3ff6000 JavaThread "jar transforms Thread 313" [_thread_blocked, id=11184, stack(0x000000884d500000,0x000000884d600000)]
  0x0000024cf3ff7000 JavaThread "jar transforms Thread 314" [_thread_blocked, id=6784, stack(0x000000884d600000,0x000000884d700000)]
  0x0000024cf3ff5800 JavaThread "jar transforms Thread 315" [_thread_blocked, id=5260, stack(0x000000884d700000,0x000000884d800000)]
  0x0000024cf3ffc000 JavaThread "jar transforms Thread 316" [_thread_blocked, id=8648, stack(0x000000884d800000,0x000000884d900000)]
  0x0000024cf3ffc800 JavaThread "jar transforms Thread 317" [_thread_blocked, id=11140, stack(0x000000884d900000,0x000000884da00000)]
  0x0000024cf3ffd800 JavaThread "jar transforms Thread 318" [_thread_blocked, id=4892, stack(0x000000884da00000,0x000000884db00000)]
  0x0000024cf3ff8800 JavaThread "jar transforms Thread 319" [_thread_blocked, id=1308, stack(0x000000884db00000,0x000000884dc00000)]
  0x0000024cf3ff8000 JavaThread "jar transforms Thread 320" [_thread_blocked, id=748, stack(0x000000884dc00000,0x000000884dd00000)]
  0x0000024cf3ff9800 JavaThread "jar transforms Thread 321" [_thread_blocked, id=4120, stack(0x000000884dd00000,0x000000884de00000)]
  0x0000024cf3ffe800 JavaThread "jar transforms Thread 322" [_thread_blocked, id=9808, stack(0x000000884de00000,0x000000884df00000)]
  0x0000024cf19b3000 JavaThread "jar transforms Thread 323" [_thread_blocked, id=6828, stack(0x000000884df00000,0x000000884e000000)]
  0x0000024cf19b2000 JavaThread "jar transforms Thread 324" [_thread_blocked, id=2516, stack(0x000000884e000000,0x000000884e100000)]
  0x0000024cf19b4000 JavaThread "jar transforms Thread 325" [_thread_blocked, id=3036, stack(0x000000884e100000,0x000000884e200000)]
  0x0000024cf19b6800 JavaThread "jar transforms Thread 326" [_thread_blocked, id=10428, stack(0x000000884e200000,0x000000884e300000)]
  0x0000024cf19b8800 JavaThread "jar transforms Thread 327" [_thread_blocked, id=11640, stack(0x000000884e300000,0x000000884e400000)]
  0x0000024cf19ba800 JavaThread "jar transforms Thread 328" [_thread_blocked, id=11424, stack(0x000000884e400000,0x000000884e500000)]
  0x0000024cf19b4800 JavaThread "jar transforms Thread 329" [_thread_blocked, id=2940, stack(0x000000884e500000,0x000000884e600000)]
  0x0000024cf19b7000 JavaThread "jar transforms Thread 330" [_thread_blocked, id=5236, stack(0x000000884e600000,0x000000884e700000)]
  0x0000024cf19b5800 JavaThread "jar transforms Thread 331" [_thread_blocked, id=264, stack(0x000000884e700000,0x000000884e800000)]
  0x0000024cf19bb000 JavaThread "jar transforms Thread 332" [_thread_blocked, id=7896, stack(0x000000884e800000,0x000000884e900000)]
  0x0000024cf19bd000 JavaThread "jar transforms Thread 333" [_thread_blocked, id=4512, stack(0x000000884e900000,0x000000884ea00000)]
  0x0000024cf19b8000 JavaThread "jar transforms Thread 334" [_thread_blocked, id=1576, stack(0x000000884ea00000,0x000000884eb00000)]
  0x0000024cf19bf800 JavaThread "jar transforms Thread 335" [_thread_blocked, id=8480, stack(0x000000884eb00000,0x000000884ec00000)]
  0x0000024cf19b9800 JavaThread "jar transforms Thread 336" [_thread_blocked, id=6816, stack(0x000000884ec00000,0x000000884ed00000)]
  0x0000024cf19bd800 JavaThread "jar transforms Thread 337" [_thread_blocked, id=10208, stack(0x000000884ed00000,0x000000884ee00000)]
  0x0000024cf19be800 JavaThread "jar transforms Thread 338" [_thread_blocked, id=10692, stack(0x000000884ee00000,0x000000884ef00000)]
  0x0000024cf19bc000 JavaThread "jar transforms Thread 339" [_thread_blocked, id=8956, stack(0x000000884ef00000,0x000000884f000000)]
  0x0000024cf19c0000 JavaThread "Cache worker for Build Output Cleanup Cache (D:\descargas\torrents descargados\neolab2021kotlin-master\Clase 2\.gradle\buildOutputCleanup)" [_thread_blocked, id=2880, stack(0x000000884f000000,0x000000884f100000)]
  0x0000024cf19c1000 JavaThread "Cache worker for file content cache (D:\descargas\torrents descargados\neolab2021kotlin-master\Clase 2\.gradle\6.5\fileContent)" [_thread_blocked, id=11756, stack(0x000000884f100000,0x000000884f200000)]
  0x0000024cf1221800 JavaThread "Execution worker for ':'" [_thread_blocked, id=8748, stack(0x000000884f200000,0x000000884f300000)]
  0x0000024cf1226000 JavaThread "Execution worker for ':' Thread 2" [_thread_blocked, id=2164, stack(0x000000884f300000,0x000000884f400000)]
  0x0000024cf1225800 JavaThread "Execution worker for ':' Thread 3" [_thread_blocked, id=11504, stack(0x000000884f400000,0x000000884f500000)]
  0x0000024cf1227000 JavaThread "Cache worker for execution history cache (D:\descargas\torrents descargados\neolab2021kotlin-master\Clase 2\.gradle\6.5\executionHistory)" [_thread_blocked, id=4180, stack(0x000000884f600000,0x000000884f700000)]

Other Threads:
  0x0000024cec7b4000 VMThread "VM Thread" [stack: 0x0000008845b00000,0x0000008845c00000] [id=11096]
  0x0000024cec9bf800 WatcherThread [stack: 0x0000008846500000,0x0000008846600000] [id=8268]
  0x0000024cd2511800 GCTaskThread "GC Thread#0" [stack: 0x0000008845600000,0x0000008845700000] [id=6588]
  0x0000024cece94800 GCTaskThread "GC Thread#1" [stack: 0x0000008846700000,0x0000008846800000] [id=11500]
  0x0000024cecdf2000 GCTaskThread "GC Thread#2" [stack: 0x0000008846800000,0x0000008846900000] [id=3332]
  0x0000024cecdf2800 GCTaskThread "GC Thread#3" [stack: 0x0000008846900000,0x0000008846a00000] [id=4944]
  0x0000024cd2546000 ConcurrentGCThread "G1 Main Marker" [stack: 0x0000008845700000,0x0000008845800000] [id=11752]
  0x0000024cd2547800 ConcurrentGCThread "G1 Conc#0" [stack: 0x0000008845800000,0x0000008845900000] [id=11828]
  0x0000024cebdde800 ConcurrentGCThread "G1 Refine#0" [stack: 0x0000008845900000,0x0000008845a00000] [id=6988]
  0x0000024cebddf000 ConcurrentGCThread "G1 Young RemSet Sampling" [stack: 0x0000008845a00000,0x0000008845b00000] [id=8328]

Threads with active compile tasks:
C2 CompilerThread06714039 14258       4       org.gradle.api.internal.artifacts.configurations.DefaultConfiguration::collectSuperConfigs (61 bytes)

VM state:not at safepoint (normal execution)

VM Mutex/Monitor currently owned by a thread: None

Heap address: 0x0000000080000000, size: 2048 MB, Compressed Oops mode: 32-bit
Narrow klass base: 0x0000000000000000, Narrow klass shift: 3
Compressed class space size: 1073741824 Address: 0x0000000100000000

Heap:
 garbage-first heap   total 196608K, used 105260K [0x0000000080000000, 0x0000000100000000)
  region size 1024K, 17 young (17408K), 2 survivors (2048K)
 Metaspace       used 119218K, capacity 122165K, committed 122400K, reserved 1155072K
  class space    used 15124K, capacity 16088K, committed 16244K, reserved 1048576K
Heap Regions: E=young(eden), S=young(survivor), O=old, HS=humongous(starts), HC=humongous(continues), CS=collection set, F=free, A=archive, TAMS=top-at-mark-start (previous, next)
|   0|0x0000000080000000, 0x0000000080100000, 0x0000000080100000|100%| O|  |TAMS 0x0000000080100000, 0x0000000080000000| Untracked 
|   1|0x0000000080100000, 0x0000000080200000, 0x0000000080200000|100%| O|  |TAMS 0x0000000080200000, 0x0000000080100000| Untracked 
|   2|0x0000000080200000, 0x0000000080300000, 0x0000000080300000|100%| O|  |TAMS 0x0000000080300000, 0x0000000080200000| Untracked 
|   3|0x0000000080300000, 0x0000000080400000, 0x0000000080400000|100%|HS|  |TAMS 0x0000000080400000, 0x0000000080300000| Complete 
|   4|0x0000000080400000, 0x0000000080500000, 0x0000000080500000|100%|HC|  |TAMS 0x0000000080500000, 0x0000000080400000| Complete 
|   5|0x0000000080500000, 0x0000000080600000, 0x0000000080600000|100%|HC|  |TAMS 0x0000000080600000, 0x0000000080500000| Complete 
|   6|0x0000000080600000, 0x0000000080700000, 0x0000000080700000|100%| O|  |TAMS 0x0000000080700000, 0x0000000080600000| Untracked 
|   7|0x0000000080700000, 0x0000000080800000, 0x0000000080800000|100%| O|  |TAMS 0x0000000080800000, 0x0000000080700000| Untracked 
|   8|0x0000000080800000, 0x0000000080900000, 0x0000000080900000|100%| O|  |TAMS 0x0000000080900000, 0x0000000080800000| Untracked 
|   9|0x0000000080900000, 0x0000000080a00000, 0x0000000080a00000|100%| O|  |TAMS 0x0000000080a00000, 0x0000000080900000| Untracked 
|  10|0x0000000080a00000, 0x0000000080b00000, 0x0000000080b00000|100%| O|  |TAMS 0x0000000080b00000, 0x0000000080a00000| Untracked 
|  11|0x0000000080b00000, 0x0000000080c00000, 0x0000000080c00000|100%| O|  |TAMS 0x0000000080c00000, 0x0000000080b00000| Untracked 
|  12|0x0000000080c00000, 0x0000000080d00000, 0x0000000080d00000|100%| O|  |TAMS 0x0000000080d00000, 0x0000000080c00000| Untracked 
|  13|0x0000000080d00000, 0x0000000080e00000, 0x0000000080e00000|100%|HS|  |TAMS 0x0000000080e00000, 0x0000000080d00000| Complete 
|  14|0x0000000080e00000, 0x0000000080f00000, 0x0000000080f00000|100%|HS|  |TAMS 0x0000000080f00000, 0x0000000080e00000| Complete 
|  15|0x0000000080f00000, 0x0000000081000000, 0x0000000081000000|100%|HC|  |TAMS 0x0000000081000000, 0x0000000080f00000| Complete 
|  16|0x0000000081000000, 0x0000000081100000, 0x0000000081100000|100%| O|  |TAMS 0x0000000081100000, 0x0000000081000000| Untracked 
|  17|0x0000000081100000, 0x0000000081200000, 0x0000000081200000|100%| O|  |TAMS 0x0000000081200000, 0x0000000081100000| Untracked 
|  18|0x0000000081200000, 0x0000000081300000, 0x0000000081300000|100%| O|  |TAMS 0x0000000081300000, 0x0000000081200000| Untracked 
|  19|0x0000000081300000, 0x0000000081400000, 0x0000000081400000|100%|HS|  |TAMS 0x0000000081400000, 0x0000000081300000| Complete 
|  20|0x0000000081400000, 0x0000000081500000, 0x0000000081500000|100%|HC|  |TAMS 0x0000000081500000, 0x0000000081400000| Complete 
|  21|0x0000000081500000, 0x0000000081600000, 0x0000000081600000|100%|HC|  |TAMS 0x0000000081600000, 0x0000000081500000| Complete 
|  22|0x0000000081600000, 0x0000000081700000, 0x0000000081700000|100%| O|  |TAMS 0x0000000081700000, 0x0000000081600000| Untracked 
|  23|0x0000000081700000, 0x0000000081800000, 0x0000000081800000|100%| O|  |TAMS 0x0000000081800000, 0x0000000081700000| Untracked 
|  24|0x0000000081800000, 0x0000000081900000, 0x0000000081900000|100%| O|  |TAMS 0x0000000081900000, 0x0000000081800000| Untracked 
|  25|0x0000000081900000, 0x0000000081a00000, 0x0000000081a00000|100%| O|  |TAMS 0x0000000081a00000, 0x0000000081900000| Untracked 
|  26|0x0000000081a00000, 0x0000000081b00000, 0x0000000081b00000|100%| O|  |TAMS 0x0000000081b00000, 0x0000000081a00000| Untracked 
|  27|0x0000000081b00000, 0x0000000081b00000, 0x0000000081c00000|  0%| F|  |TAMS 0x0000000081b00000, 0x0000000081b00000| Untracked 
|  28|0x0000000081c00000, 0x0000000081d00000, 0x0000000081d00000|100%| O|  |TAMS 0x0000000081d00000, 0x0000000081c00000| Untracked 
|  29|0x0000000081d00000, 0x0000000081e00000, 0x0000000081e00000|100%| O|  |TAMS 0x0000000081e00000, 0x0000000081d00000| Untracked 
|  30|0x0000000081e00000, 0x0000000081f00000, 0x0000000081f00000|100%| O|  |TAMS 0x0000000081f00000, 0x0000000081e00000| Untracked 
|  31|0x0000000081f00000, 0x0000000082000000, 0x0000000082000000|100%| O|  |TAMS 0x0000000082000000, 0x0000000081f00000| Untracked 
|  32|0x0000000082000000, 0x0000000082100000, 0x0000000082100000|100%| O|  |TAMS 0x0000000082100000, 0x0000000082000000| Untracked 
|  33|0x0000000082100000, 0x0000000082200000, 0x0000000082200000|100%| O|  |TAMS 0x0000000082200000, 0x0000000082100000| Untracked 
|  34|0x0000000082200000, 0x0000000082300000, 0x0000000082300000|100%| O|  |TAMS 0x0000000082300000, 0x0000000082200000| Untracked 
|  35|0x0000000082300000, 0x0000000082400000, 0x0000000082400000|100%| O|  |TAMS 0x0000000082400000, 0x0000000082300000| Untracked 
|  36|0x0000000082400000, 0x0000000082500000, 0x0000000082500000|100%| O|  |TAMS 0x0000000082500000, 0x0000000082400000| Untracked 
|  37|0x0000000082500000, 0x0000000082600000, 0x0000000082600000|100%| O|  |TAMS 0x0000000082600000, 0x0000000082500000| Untracked 
|  38|0x0000000082600000, 0x0000000082700000, 0x0000000082700000|100%| O|  |TAMS 0x0000000082700000, 0x0000000082600000| Untracked 
|  39|0x0000000082700000, 0x0000000082800000, 0x0000000082800000|100%| O|  |TAMS 0x0000000082800000, 0x0000000082700000| Untracked 
|  40|0x0000000082800000, 0x0000000082900000, 0x0000000082900000|100%| O|  |TAMS 0x0000000082900000, 0x0000000082800000| Untracked 
|  41|0x0000000082900000, 0x0000000082a00000, 0x0000000082a00000|100%| O|  |TAMS 0x0000000082a00000, 0x0000000082900000| Untracked 
|  42|0x0000000082a00000, 0x0000000082b00000, 0x0000000082b00000|100%| O|  |TAMS 0x0000000082b00000, 0x0000000082a00000| Untracked 
|  43|0x0000000082b00000, 0x0000000082b00000, 0x0000000082c00000|  0%| F|  |TAMS 0x0000000082b00000, 0x0000000082b00000| Untracked 
|  44|0x0000000082c00000, 0x0000000082d00000, 0x0000000082d00000|100%| O|  |TAMS 0x0000000082d00000, 0x0000000082c00000| Untracked 
|  45|0x0000000082d00000, 0x0000000082e00000, 0x0000000082e00000|100%| O|  |TAMS 0x0000000082e00000, 0x0000000082d00000| Untracked 
|  46|0x0000000082e00000, 0x0000000082f00000, 0x0000000082f00000|100%| O|  |TAMS 0x0000000082f00000, 0x0000000082e00000| Untracked 
|  47|0x0000000082f00000, 0x0000000083000000, 0x0000000083000000|100%| O|  |TAMS 0x0000000083000000, 0x0000000082f00000| Untracked 
|  48|0x0000000083000000, 0x0000000083100000, 0x0000000083100000|100%| O|  |TAMS 0x0000000083100000, 0x0000000083000000| Untracked 
|  49|0x0000000083100000, 0x0000000083200000, 0x0000000083200000|100%| O|  |TAMS 0x0000000083200000, 0x0000000083100000| Untracked 
|  50|0x0000000083200000, 0x0000000083300000, 0x0000000083300000|100%| O|  |TAMS 0x0000000083300000, 0x0000000083200000| Untracked 
|  51|0x0000000083300000, 0x0000000083400000, 0x0000000083400000|100%| O|  |TAMS 0x0000000083400000, 0x0000000083300000| Untracked 
|  52|0x0000000083400000, 0x0000000083500000, 0x0000000083500000|100%| O|  |TAMS 0x0000000083500000, 0x0000000083400000| Untracked 
|  53|0x0000000083500000, 0x0000000083600000, 0x0000000083600000|100%| O|  |TAMS 0x0000000083600000, 0x0000000083500000| Untracked 
|  54|0x0000000083600000, 0x0000000083700000, 0x0000000083700000|100%| O|  |TAMS 0x0000000083700000, 0x0000000083600000| Untracked 
|  55|0x0000000083700000, 0x0000000083800000, 0x0000000083800000|100%| O|  |TAMS 0x0000000083800000, 0x0000000083700000| Untracked 
|  56|0x0000000083800000, 0x0000000083900000, 0x0000000083900000|100%| O|  |TAMS 0x0000000083900000, 0x0000000083800000| Untracked 
|  57|0x0000000083900000, 0x0000000083a00000, 0x0000000083a00000|100%| O|  |TAMS 0x0000000083a00000, 0x0000000083900000| Untracked 
|  58|0x0000000083a00000, 0x0000000083b00000, 0x0000000083b00000|100%| O|  |TAMS 0x0000000083b00000, 0x0000000083a00000| Untracked 
|  59|0x0000000083b00000, 0x0000000083c00000, 0x0000000083c00000|100%| O|  |TAMS 0x0000000083c00000, 0x0000000083b00000| Untracked 
|  60|0x0000000083c00000, 0x0000000083c00000, 0x0000000083d00000|  0%| F|  |TAMS 0x0000000083c00000, 0x0000000083c00000| Untracked 
|  61|0x0000000083d00000, 0x0000000083e00000, 0x0000000083e00000|100%| O|  |TAMS 0x0000000083e00000, 0x0000000083d00000| Untracked 
|  62|0x0000000083e00000, 0x0000000083e00000, 0x0000000083f00000|  0%| F|  |TAMS 0x0000000083e00000, 0x0000000083e00000| Untracked 
|  63|0x0000000083f00000, 0x0000000084000000, 0x0000000084000000|100%| O|  |TAMS 0x0000000084000000, 0x0000000083f00000| Untracked 
|  64|0x0000000084000000, 0x0000000084100000, 0x0000000084100000|100%| O|  |TAMS 0x0000000084100000, 0x0000000084000000| Untracked 
|  65|0x0000000084100000, 0x0000000084200000, 0x0000000084200000|100%| O|  |TAMS 0x0000000084200000, 0x0000000084100000| Untracked 
|  66|0x0000000084200000, 0x0000000084300000, 0x0000000084300000|100%| O|  |TAMS 0x0000000084300000, 0x0000000084200000| Untracked 
|  67|0x0000000084300000, 0x0000000084300000, 0x0000000084400000|  0%| F|  |TAMS 0x0000000084300000, 0x0000000084300000| Untracked 
|  68|0x0000000084400000, 0x0000000084500000, 0x0000000084500000|100%| O|  |TAMS 0x0000000084500000, 0x0000000084400000| Untracked 
|  69|0x0000000084500000, 0x0000000084600000, 0x0000000084600000|100%|HS|  |TAMS 0x0000000084600000, 0x0000000084500000| Complete 
|  70|0x0000000084600000, 0x0000000084700000, 0x0000000084700000|100%| O|  |TAMS 0x0000000084700000, 0x0000000084600000| Untracked 
|  71|0x0000000084700000, 0x0000000084800000, 0x0000000084800000|100%| O|  |TAMS 0x0000000084800000, 0x0000000084700000| Untracked 
|  72|0x0000000084800000, 0x0000000084900000, 0x0000000084900000|100%| O|  |TAMS 0x0000000084900000, 0x0000000084800000| Untracked 
|  73|0x0000000084900000, 0x0000000084a00000, 0x0000000084a00000|100%| O|  |TAMS 0x0000000084a00000, 0x0000000084900000| Untracked 
|  74|0x0000000084a00000, 0x0000000084b00000, 0x0000000084b00000|100%| O|  |TAMS 0x0000000084a00000, 0x0000000084a00000| Untracked 
|  75|0x0000000084b00000, 0x0000000084c00000, 0x0000000084c00000|100%| O|  |TAMS 0x0000000084c00000, 0x0000000084b00000| Untracked 
|  76|0x0000000084c00000, 0x0000000084d00000, 0x0000000084d00000|100%| O|  |TAMS 0x0000000084d00000, 0x0000000084c00000| Untracked 
|  77|0x0000000084d00000, 0x0000000084e00000, 0x0000000084e00000|100%| O|  |TAMS 0x0000000084e00000, 0x0000000084d00000| Untracked 
|  78|0x0000000084e00000, 0x0000000084f00000, 0x0000000084f00000|100%| O|  |TAMS 0x0000000084f00000, 0x0000000084e00000| Untracked 
|  79|0x0000000084f00000, 0x0000000085000000, 0x0000000085000000|100%| O|  |TAMS 0x0000000084f97400, 0x0000000084f00000| Untracked 
|  80|0x0000000085000000, 0x0000000085100000, 0x0000000085100000|100%| O|  |TAMS 0x0000000085000000, 0x0000000085000000| Untracked 
|  81|0x0000000085100000, 0x0000000085200000, 0x0000000085200000|100%| O|  |TAMS 0x0000000085100000, 0x0000000085100000| Untracked 
|  82|0x0000000085200000, 0x0000000085300000, 0x0000000085300000|100%| O|  |TAMS 0x0000000085200000, 0x0000000085200000| Untracked 
|  83|0x0000000085300000, 0x0000000085400000, 0x0000000085400000|100%| O|  |TAMS 0x0000000085300000, 0x0000000085300000| Untracked 
|  84|0x0000000085400000, 0x0000000085500000, 0x0000000085500000|100%| O|  |TAMS 0x0000000085400000, 0x0000000085400000| Untracked 
|  85|0x0000000085500000, 0x0000000085600000, 0x0000000085600000|100%| O|  |TAMS 0x0000000085500000, 0x0000000085500000| Untracked 
|  86|0x0000000085600000, 0x0000000085700000, 0x0000000085700000|100%| O|  |TAMS 0x0000000085600000, 0x0000000085600000| Untracked 
|  87|0x0000000085700000, 0x0000000085800000, 0x0000000085800000|100%| O|  |TAMS 0x0000000085700000, 0x0000000085700000| Untracked 
|  88|0x0000000085800000, 0x0000000085900000, 0x0000000085900000|100%| O|  |TAMS 0x0000000085800000, 0x0000000085800000| Untracked 
|  89|0x0000000085900000, 0x0000000085a00000, 0x0000000085a00000|100%| O|  |TAMS 0x0000000085900000, 0x0000000085900000| Untracked 
|  90|0x0000000085a00000, 0x0000000085b00000, 0x0000000085b00000|100%| O|  |TAMS 0x0000000085a00000, 0x0000000085a00000| Untracked 
|  91|0x0000000085b00000, 0x0000000085c00000, 0x0000000085c00000|100%| O|  |TAMS 0x0000000085b00000, 0x0000000085b00000| Untracked 
|  92|0x0000000085c00000, 0x0000000085c67400, 0x0000000085d00000| 40%| O|  |TAMS 0x0000000085c00000, 0x0000000085c00000| Untracked 
|  93|0x0000000085d00000, 0x0000000085d00000, 0x0000000085e00000|  0%| F|  |TAMS 0x0000000085d00000, 0x0000000085d00000| Untracked 
|  94|0x0000000085e00000, 0x0000000085e00000, 0x0000000085f00000|  0%| F|  |TAMS 0x0000000085e00000, 0x0000000085e00000| Untracked 
|  95|0x0000000085f00000, 0x0000000085f00000, 0x0000000086000000|  0%| F|  |TAMS 0x0000000085f00000, 0x0000000085f00000| Untracked 
|  96|0x0000000086000000, 0x0000000086000000, 0x0000000086100000|  0%| F|  |TAMS 0x0000000086000000, 0x0000000086000000| Untracked 
|  97|0x0000000086100000, 0x0000000086100000, 0x0000000086200000|  0%| F|  |TAMS 0x0000000086100000, 0x0000000086100000| Untracked 
|  98|0x0000000086200000, 0x0000000086200000, 0x0000000086300000|  0%| F|  |TAMS 0x0000000086200000, 0x0000000086200000| Untracked 
|  99|0x0000000086300000, 0x0000000086300000, 0x0000000086400000|  0%| F|  |TAMS 0x0000000086300000, 0x0000000086300000| Untracked 
| 100|0x0000000086400000, 0x0000000086400000, 0x0000000086500000|  0%| F|  |TAMS 0x0000000086400000, 0x0000000086400000| Untracked 
| 101|0x0000000086500000, 0x0000000086500000, 0x0000000086600000|  0%| F|  |TAMS 0x0000000086500000, 0x0000000086500000| Untracked 
| 102|0x0000000086600000, 0x0000000086600000, 0x0000000086700000|  0%| F|  |TAMS 0x0000000086600000, 0x0000000086600000| Untracked 
| 103|0x0000000086700000, 0x0000000086700000, 0x0000000086800000|  0%| F|  |TAMS 0x0000000086700000, 0x0000000086700000| Untracked 
| 104|0x0000000086800000, 0x0000000086800000, 0x0000000086900000|  0%| F|  |TAMS 0x0000000086800000, 0x0000000086800000| Untracked 
| 105|0x0000000086900000, 0x0000000086900000, 0x0000000086a00000|  0%| F|  |TAMS 0x0000000086900000, 0x0000000086900000| Untracked 
| 106|0x0000000086a00000, 0x0000000086a00000, 0x0000000086b00000|  0%| F|  |TAMS 0x0000000086a00000, 0x0000000086a00000| Untracked 
| 107|0x0000000086b00000, 0x0000000086b00000, 0x0000000086c00000|  0%| F|  |TAMS 0x0000000086b00000, 0x0000000086b00000| Untracked 
| 108|0x0000000086c00000, 0x0000000086c00000, 0x0000000086d00000|  0%| F|  |TAMS 0x0000000086c00000, 0x0000000086c00000| Untracked 
| 109|0x0000000086d00000, 0x0000000086d00000, 0x0000000086e00000|  0%| F|  |TAMS 0x0000000086d00000, 0x0000000086d00000| Untracked 
| 110|0x0000000086e00000, 0x0000000086e00000, 0x0000000086f00000|  0%| F|  |TAMS 0x0000000086e00000, 0x0000000086e00000| Untracked 
| 111|0x0000000086f00000, 0x0000000086f00000, 0x0000000087000000|  0%| F|  |TAMS 0x0000000086f00000, 0x0000000086f00000| Untracked 
| 112|0x0000000087000000, 0x0000000087000000, 0x0000000087100000|  0%| F|  |TAMS 0x0000000087000000, 0x0000000087000000| Untracked 
| 113|0x0000000087100000, 0x0000000087100000, 0x0000000087200000|  0%| F|  |TAMS 0x0000000087100000, 0x0000000087100000| Untracked 
| 114|0x0000000087200000, 0x0000000087200000, 0x0000000087300000|  0%| F|  |TAMS 0x0000000087200000, 0x0000000087200000| Untracked 
| 115|0x0000000087300000, 0x0000000087300000, 0x0000000087400000|  0%| F|  |TAMS 0x0000000087300000, 0x0000000087300000| Untracked 
| 116|0x0000000087400000, 0x0000000087400000, 0x0000000087500000|  0%| F|  |TAMS 0x0000000087400000, 0x0000000087400000| Untracked 
| 117|0x0000000087500000, 0x0000000087500000, 0x0000000087600000|  0%| F|  |TAMS 0x0000000087500000, 0x0000000087500000| Untracked 
| 118|0x0000000087600000, 0x0000000087600000, 0x0000000087700000|  0%| F|  |TAMS 0x0000000087600000, 0x0000000087600000| Untracked 
| 119|0x0000000087700000, 0x0000000087700000, 0x0000000087800000|  0%| F|  |TAMS 0x0000000087700000, 0x0000000087700000| Untracked 
| 120|0x0000000087800000, 0x0000000087800000, 0x0000000087900000|  0%| F|  |TAMS 0x0000000087800000, 0x0000000087800000| Untracked 
| 121|0x0000000087900000, 0x0000000087900000, 0x0000000087a00000|  0%| F|  |TAMS 0x0000000087900000, 0x0000000087900000| Untracked 
| 122|0x0000000087a00000, 0x0000000087a00000, 0x0000000087b00000|  0%| F|  |TAMS 0x0000000087a00000, 0x0000000087a00000| Untracked 
| 123|0x0000000087b00000, 0x0000000087b00000, 0x0000000087c00000|  0%| F|  |TAMS 0x0000000087b00000, 0x0000000087b00000| Untracked 
| 124|0x0000000087c00000, 0x0000000087c00000, 0x0000000087d00000|  0%| F|  |TAMS 0x0000000087c00000, 0x0000000087c00000| Untracked 
| 125|0x0000000087d00000, 0x0000000087d00000, 0x0000000087e00000|  0%| F|  |TAMS 0x0000000087d00000, 0x0000000087d00000| Untracked 
| 126|0x0000000087e00000, 0x0000000087e00000, 0x0000000087f00000|  0%| F|  |TAMS 0x0000000087e00000, 0x0000000087e00000| Untracked 
| 127|0x0000000087f00000, 0x0000000087f00000, 0x0000000088000000|  0%| F|  |TAMS 0x0000000087f00000, 0x0000000087f00000| Untracked 
| 128|0x0000000088000000, 0x0000000088000000, 0x0000000088100000|  0%| F|  |TAMS 0x0000000088000000, 0x0000000088000000| Untracked 
| 129|0x0000000088100000, 0x0000000088100000, 0x0000000088200000|  0%| F|  |TAMS 0x0000000088100000, 0x0000000088100000| Untracked 
| 130|0x0000000088200000, 0x0000000088200000, 0x0000000088300000|  0%| F|  |TAMS 0x0000000088200000, 0x0000000088200000| Untracked 
| 131|0x0000000088300000, 0x0000000088300000, 0x0000000088400000|  0%| F|  |TAMS 0x0000000088300000, 0x0000000088300000| Untracked 
| 132|0x0000000088400000, 0x0000000088400000, 0x0000000088500000|  0%| F|  |TAMS 0x0000000088400000, 0x0000000088400000| Untracked 
| 133|0x0000000088500000, 0x0000000088500000, 0x0000000088600000|  0%| F|  |TAMS 0x0000000088500000, 0x0000000088500000| Untracked 
| 134|0x0000000088600000, 0x0000000088600000, 0x0000000088700000|  0%| F|  |TAMS 0x0000000088600000, 0x0000000088600000| Untracked 
| 135|0x0000000088700000, 0x0000000088700000, 0x0000000088800000|  0%| F|  |TAMS 0x0000000088700000, 0x0000000088700000| Untracked 
| 136|0x0000000088800000, 0x0000000088800000, 0x0000000088900000|  0%| F|  |TAMS 0x0000000088800000, 0x0000000088800000| Untracked 
| 137|0x0000000088900000, 0x0000000088900000, 0x0000000088a00000|  0%| F|  |TAMS 0x0000000088900000, 0x0000000088900000| Untracked 
| 138|0x0000000088a00000, 0x0000000088a00000, 0x0000000088b00000|  0%| F|  |TAMS 0x0000000088a00000, 0x0000000088a00000| Untracked 
| 139|0x0000000088b00000, 0x0000000088b00000, 0x0000000088c00000|  0%| F|  |TAMS 0x0000000088b00000, 0x0000000088b00000| Untracked 
| 140|0x0000000088c00000, 0x0000000088c00000, 0x0000000088d00000|  0%| F|  |TAMS 0x0000000088c00000, 0x0000000088c00000| Untracked 
| 141|0x0000000088d00000, 0x0000000088d00000, 0x0000000088e00000|  0%| F|  |TAMS 0x0000000088d00000, 0x0000000088d00000| Untracked 
| 142|0x0000000088e00000, 0x0000000088e00000, 0x0000000088f00000|  0%| F|  |TAMS 0x0000000088e00000, 0x0000000088e00000| Untracked 
| 143|0x0000000088f00000, 0x0000000088f00000, 0x0000000089000000|  0%| F|  |TAMS 0x0000000088f00000, 0x0000000088f00000| Untracked 
| 144|0x0000000089000000, 0x0000000089000000, 0x0000000089100000|  0%| F|  |TAMS 0x0000000089000000, 0x0000000089000000| Untracked 
| 145|0x0000000089100000, 0x0000000089100000, 0x0000000089200000|  0%| F|  |TAMS 0x0000000089100000, 0x0000000089100000| Untracked 
| 146|0x0000000089200000, 0x0000000089200000, 0x0000000089300000|  0%| F|  |TAMS 0x0000000089200000, 0x0000000089200000| Untracked 
| 147|0x0000000089300000, 0x0000000089300000, 0x0000000089400000|  0%| F|  |TAMS 0x0000000089300000, 0x0000000089300000| Untracked 
| 148|0x0000000089400000, 0x0000000089400000, 0x0000000089500000|  0%| F|  |TAMS 0x0000000089400000, 0x0000000089400000| Untracked 
| 149|0x0000000089500000, 0x0000000089500000, 0x0000000089600000|  0%| F|  |TAMS 0x0000000089500000, 0x0000000089500000| Untracked 
| 150|0x0000000089600000, 0x0000000089600000, 0x0000000089700000|  0%| F|  |TAMS 0x0000000089600000, 0x0000000089600000| Untracked 
| 151|0x0000000089700000, 0x0000000089700000, 0x0000000089800000|  0%| F|  |TAMS 0x0000000089700000, 0x0000000089700000| Untracked 
| 152|0x0000000089800000, 0x0000000089800000, 0x0000000089900000|  0%| F|  |TAMS 0x0000000089800000, 0x0000000089800000| Untracked 
| 153|0x0000000089900000, 0x0000000089900000, 0x0000000089a00000|  0%| F|  |TAMS 0x0000000089900000, 0x0000000089900000| Untracked 
| 154|0x0000000089a00000, 0x0000000089a00000, 0x0000000089b00000|  0%| F|  |TAMS 0x0000000089a00000, 0x0000000089a00000| Untracked 
| 155|0x0000000089b00000, 0x0000000089b00000, 0x0000000089c00000|  0%| F|  |TAMS 0x0000000089b00000, 0x0000000089b00000| Untracked 
| 156|0x0000000089c00000, 0x0000000089c00000, 0x0000000089d00000|  0%| F|  |TAMS 0x0000000089c00000, 0x0000000089c00000| Untracked 
| 157|0x0000000089d00000, 0x0000000089d00000, 0x0000000089e00000|  0%| F|  |TAMS 0x0000000089d00000, 0x0000000089d00000| Untracked 
| 158|0x0000000089e00000, 0x0000000089e00000, 0x0000000089f00000|  0%| F|  |TAMS 0x0000000089e00000, 0x0000000089e00000| Untracked 
| 159|0x0000000089f00000, 0x0000000089f00000, 0x000000008a000000|  0%| F|  |TAMS 0x0000000089f00000, 0x0000000089f00000| Untracked 
| 160|0x000000008a000000, 0x000000008a000000, 0x000000008a100000|  0%| F|  |TAMS 0x000000008a000000, 0x000000008a000000| Untracked 
| 161|0x000000008a100000, 0x000000008a100000, 0x000000008a200000|  0%| F|  |TAMS 0x000000008a100000, 0x000000008a100000| Untracked 
| 162|0x000000008a200000, 0x000000008a200000, 0x000000008a300000|  0%| F|  |TAMS 0x000000008a200000, 0x000000008a200000| Untracked 
| 163|0x000000008a300000, 0x000000008a300000, 0x000000008a400000|  0%| F|  |TAMS 0x000000008a300000, 0x000000008a300000| Untracked 
| 164|0x000000008a400000, 0x000000008a400000, 0x000000008a500000|  0%| F|  |TAMS 0x000000008a400000, 0x000000008a400000| Untracked 
| 165|0x000000008a500000, 0x000000008a500000, 0x000000008a600000|  0%| F|  |TAMS 0x000000008a500000, 0x000000008a500000| Untracked 
| 166|0x000000008a600000, 0x000000008a600000, 0x000000008a700000|  0%| F|  |TAMS 0x000000008a600000, 0x000000008a600000| Untracked 
| 167|0x000000008a700000, 0x000000008a700000, 0x000000008a800000|  0%| F|  |TAMS 0x000000008a700000, 0x000000008a700000| Untracked 
| 168|0x000000008a800000, 0x000000008a800000, 0x000000008a900000|  0%| F|  |TAMS 0x000000008a800000, 0x000000008a800000| Untracked 
| 169|0x000000008a900000, 0x000000008a900000, 0x000000008aa00000|  0%| F|  |TAMS 0x000000008a900000, 0x000000008a900000| Untracked 
| 170|0x000000008aa00000, 0x000000008aa00000, 0x000000008ab00000|  0%| F|  |TAMS 0x000000008aa00000, 0x000000008aa00000| Untracked 
| 171|0x000000008ab00000, 0x000000008ab00000, 0x000000008ac00000|  0%| F|  |TAMS 0x000000008ab00000, 0x000000008ab00000| Untracked 
| 172|0x000000008ac00000, 0x000000008ac00000, 0x000000008ad00000|  0%| F|  |TAMS 0x000000008ac00000, 0x000000008ac00000| Untracked 
| 173|0x000000008ad00000, 0x000000008ad00000, 0x000000008ae00000|  0%| F|  |TAMS 0x000000008ad00000, 0x000000008ad00000| Untracked 
| 174|0x000000008ae00000, 0x000000008ae00000, 0x000000008af00000|  0%| F|  |TAMS 0x000000008ae00000, 0x000000008ae00000| Untracked 
| 175|0x000000008af00000, 0x000000008af01300, 0x000000008b000000|  0%| E|  |TAMS 0x000000008af00000, 0x000000008af00000| Complete 
| 176|0x000000008b000000, 0x000000008b100000, 0x000000008b100000|100%| E|CS|TAMS 0x000000008b000000, 0x000000008b000000| Complete 
| 177|0x000000008b100000, 0x000000008b200000, 0x000000008b200000|100%| E|CS|TAMS 0x000000008b100000, 0x000000008b100000| Complete 
| 178|0x000000008b200000, 0x000000008b300000, 0x000000008b300000|100%| E|CS|TAMS 0x000000008b200000, 0x000000008b200000| Complete 
| 179|0x000000008b300000, 0x000000008b400000, 0x000000008b400000|100%| E|CS|TAMS 0x000000008b300000, 0x000000008b300000| Complete 
| 180|0x000000008b400000, 0x000000008b500000, 0x000000008b500000|100%| E|CS|TAMS 0x000000008b400000, 0x000000008b400000| Complete 
| 181|0x000000008b500000, 0x000000008b600000, 0x000000008b600000|100%| E|CS|TAMS 0x000000008b500000, 0x000000008b500000| Complete 
| 182|0x000000008b600000, 0x000000008b700000, 0x000000008b700000|100%| E|CS|TAMS 0x000000008b600000, 0x000000008b600000| Complete 
| 183|0x000000008b700000, 0x000000008b800000, 0x000000008b800000|100%| E|CS|TAMS 0x000000008b700000, 0x000000008b700000| Complete 
| 184|0x000000008b800000, 0x000000008b900000, 0x000000008b900000|100%| E|CS|TAMS 0x000000008b800000, 0x000000008b800000| Complete 
| 185|0x000000008b900000, 0x000000008ba00000, 0x000000008ba00000|100%| E|CS|TAMS 0x000000008b900000, 0x000000008b900000| Complete 
| 186|0x000000008ba00000, 0x000000008bb00000, 0x000000008bb00000|100%| E|CS|TAMS 0x000000008ba00000, 0x000000008ba00000| Complete 
| 187|0x000000008bb00000, 0x000000008bc00000, 0x000000008bc00000|100%| E|CS|TAMS 0x000000008bb00000, 0x000000008bb00000| Complete 
| 188|0x000000008bc00000, 0x000000008bd00000, 0x000000008bd00000|100%| E|CS|TAMS 0x000000008bc00000, 0x000000008bc00000| Complete 
| 189|0x000000008bd00000, 0x000000008bd63d20, 0x000000008be00000| 38%| S|CS|TAMS 0x000000008bd00000, 0x000000008bd00000| Complete 
| 190|0x000000008be00000, 0x000000008bf00000, 0x000000008bf00000|100%| S|CS|TAMS 0x000000008be00000, 0x000000008be00000| Complete 
| 191|0x000000008bf00000, 0x000000008c000000, 0x000000008c000000|100%| E|CS|TAMS 0x000000008bf00000, 0x000000008bf00000| Complete 

Card table byte_map: [0x0000024ce5280000,0x0000024ce5680000] _byte_map_base: 0x0000024ce4e80000

Marking Bits (Prev, Next): (CMBitMap*) 0x0000024cd253d6e0, (CMBitMap*) 0x0000024cd253d6a8
 Prev Bits: [0x0000024ce7a80000, 0x0000024ce9a80000)
 Next Bits: [0x0000024ce5a80000, 0x0000024ce7a80000)

Polling page: 0x0000024cd03a0000

Metaspace:

Usage:
  Non-class:    103.59 MB capacity,   101.66 MB ( 98%) used,     1.65 MB (  2%) free+waste,   289.50 KB ( <1%) overhead. 
      Class:     15.71 MB capacity,    14.77 MB ( 94%) used,   834.50 KB (  5%) free+waste,   127.69 KB ( <1%) overhead. 
       Both:    119.30 MB capacity,   116.43 MB ( 98%) used,     2.47 MB (  2%) free+waste,   417.19 KB ( <1%) overhead. 

Virtual space:
  Non-class space:      104.00 MB reserved,     103.67 MB (>99%) committed 
      Class space:        1.00 GB reserved,      15.86 MB (  2%) committed 
             Both:        1.10 GB reserved,     119.53 MB ( 11%) committed 

Chunk freelists:
   Non-Class:  79.00 KB
       Class:  72.00 KB
        Both:  151.00 KB

MaxMetaspaceSize: 17179869184.00 GB
CompressedClassSpaceSize: 1.00 GB

CodeHeap 'non-profiled nmethods': size=120064Kb used=7248Kb max_used=7248Kb free=112815Kb
 bounds [0x0000024cdd940000, 0x0000024cde060000, 0x0000024ce4e80000]
CodeHeap 'profiled nmethods': size=120000Kb used=27169Kb max_used=27169Kb free=92830Kb
 bounds [0x0000024cd6410000, 0x0000024cd7eb0000, 0x0000024cdd940000]
CodeHeap 'non-nmethods': size=5696Kb used=2345Kb max_used=2397Kb free=3350Kb
 bounds [0x0000024cd5e80000, 0x0000024cd60f0000, 0x0000024cd6410000]
 total_blobs=13728 nmethods=12756 adapters=882
 compilation: enabled
              stopped_count=0, restarted_count=0
 full_count=0

Compilation events (20 events):
Event: 6713.840 Thread 0x0000024cec807000 14352       2       org.gradle.api.internal.tasks.properties.bean.AbstractNestedRuntimeBeanNode$1::addNested (24 bytes)
Event: 6713.840 Thread 0x0000024cec807000 nmethod 14352 0x0000024cd7e90c10 code [0x0000024cd7e90de0, 0x0000024cd7e90f38]
Event: 6713.856 Thread 0x0000024cec807000 14353       2       org.gradle.api.internal.tasks.execution.SelfDescribingSpec::<init> (15 bytes)
Event: 6713.857 Thread 0x0000024cec807000 nmethod 14353 0x0000024cd7e91010 code [0x0000024cd7e911c0, 0x0000024cd7e91358]
Event: 6713.861 Thread 0x0000024cec807000 14354       2       org.gradle.internal.instantiation.generator.AsmBackedClassGenerator::rawTypeParam (88 bytes)
Event: 6713.864 Thread 0x0000024cec807000 nmethod 14354 0x0000024cd7e91410 code [0x0000024cd7e916c0, 0x0000024cd7e91ee8]
Event: 6713.893 Thread 0x0000024cec807000 14355       2       org.gradle.api.JavaVersion::isCompatibleWith (14 bytes)
Event: 6713.893 Thread 0x0000024cec807000 nmethod 14355 0x0000024cd7e92410 code [0x0000024cd7e925c0, 0x0000024cd7e926e8]
Event: 6713.898 Thread 0x0000024cec807000 14356       2       org.gradle.api.internal.file.DefaultFilePropertyFactory$DefaultDirectoryVar::fromFile (6 bytes)
Event: 6713.898 Thread 0x0000024cec807000 nmethod 14356 0x0000024cd7e92790 code [0x0000024cd7e92940, 0x0000024cd7e92a48]
Event: 6713.898 Thread 0x0000024cec807000 14357       2       org.gradle.api.internal.file.DefaultFilePropertyFactory$DefaultDirectoryVar::fromFile (42 bytes)
Event: 6713.899 Thread 0x0000024cec807000 nmethod 14357 0x0000024cd7e92b10 code [0x0000024cd7e92d00, 0x0000024cd7e93068]
Event: 6713.899 Thread 0x0000024cec807000 14358       2       org.gradle.api.internal.provider.FlatMapProvider::backingProvider (35 bytes)
Event: 6713.899 Thread 0x0000024cec807000 nmethod 14358 0x0000024cd7e93210 code [0x0000024cd7e93400, 0x0000024cd7e93698]
Event: 6713.903 Thread 0x0000024cec807000 14359   !   2       jdk.internal.reflect.GeneratedConstructorAccessor8::newInstance (53 bytes)
Event: 6713.904 Thread 0x0000024cec807000 nmethod 14359 0x0000024cd7e93810 code [0x0000024cd7e93a20, 0x0000024cd7e93f88]
Event: 6713.904 Thread 0x0000024cec807000 14360       2       org.gradle.internal.instantiation.generator.AbstractClassGenerator$DslMixInPropertyType::addSetMethods (180 bytes)
Event: 6713.907 Thread 0x0000024cec807000 nmethod 14360 0x0000024cd7e94310 code [0x0000024cd7e945c0, 0x0000024cd7e94d08]
Event: 6713.912 Thread 0x0000024cec807000 14362       2       com.google.common.base.Joiner::toString (24 bytes)
Event: 6713.913 Thread 0x0000024cec807000 nmethod 14362 0x0000024cd7e95190 code [0x0000024cd7e95360, 0x0000024cd7e955f8]

GC Heap History (20 events):
Event: 30.895 GC heap before
{Heap before GC invocations=17 (full 0):
 garbage-first heap   total 196608K, used 152370K [0x0000000080000000, 0x0000000100000000)
  region size 1024K, 98 young (100352K), 12 survivors (12288K)
 Metaspace       used 82035K, capacity 83943K, committed 84140K, reserved 1122304K
  class space    used 10571K, capacity 11257K, committed 11264K, reserved 1048576K
}
Event: 30.922 GC heap after
{Heap after GC invocations=18 (full 0):
 garbage-first heap   total 196608K, used 70379K [0x0000000080000000, 0x0000000100000000)
  region size 1024K, 12 young (12288K), 12 survivors (12288K)
 Metaspace       used 82035K, capacity 83943K, committed 84140K, reserved 1122304K
  class space    used 10571K, capacity 11257K, committed 11264K, reserved 1048576K
}
Event: 3799.258 GC heap before
{Heap before GC invocations=18 (full 0):
 garbage-first heap   total 196608K, used 153323K [0x0000000080000000, 0x0000000100000000)
  region size 1024K, 94 young (96256K), 12 survivors (12288K)
 Metaspace       used 85216K, capacity 87119K, committed 87212K, reserved 1124352K
  class space    used 10773K, capacity 11457K, committed 11520K, reserved 1048576K
}
Event: 3799.272 GC heap after
{Heap after GC invocations=19 (full 0):
 garbage-first heap   total 196608K, used 70563K [0x0000000080000000, 0x0000000100000000)
  region size 1024K, 6 young (6144K), 6 survivors (6144K)
 Metaspace       used 85216K, capacity 87119K, committed 87212K, reserved 1124352K
  class space    used 10773K, capacity 11457K, committed 11520K, reserved 1048576K
}
Event: 6589.381 GC heap before
{Heap before GC invocations=19 (full 0):
 garbage-first heap   total 196608K, used 157603K [0x0000000080000000, 0x0000000100000000)
  region size 1024K, 92 young (94208K), 6 survivors (6144K)
 Metaspace       used 85756K, capacity 87752K, committed 87980K, reserved 1126400K
  class space    used 10792K, capacity 11476K, committed 11520K, reserved 1048576K
}
Event: 6589.396 GC heap after
{Heap after GC invocations=20 (full 0):
 garbage-first heap   total 196608K, used 74333K [0x0000000080000000, 0x0000000100000000)
  region size 1024K, 10 young (10240K), 10 survivors (10240K)
 Metaspace       used 85756K, capacity 87752K, committed 87980K, reserved 1126400K
  class space    used 10792K, capacity 11476K, committed 11520K, reserved 1048576K
}
Event: 6626.160 GC heap before
{Heap before GC invocations=20 (full 0):
 garbage-first heap   total 196608K, used 159325K [0x0000000080000000, 0x0000000100000000)
  region size 1024K, 94 young (96256K), 10 survivors (10240K)
 Metaspace       used 87949K, capacity 90090K, committed 90412K, reserved 1128448K
  class space    used 11062K, capacity 11787K, committed 11904K, reserved 1048576K
}
Event: 6626.174 GC heap after
{Heap after GC invocations=21 (full 0):
 garbage-first heap   total 196608K, used 73733K [0x0000000080000000, 0x0000000100000000)
  region size 1024K, 4 young (4096K), 4 survivors (4096K)
 Metaspace       used 87949K, capacity 90090K, committed 90412K, reserved 1128448K
  class space    used 11062K, capacity 11787K, committed 11904K, reserved 1048576K
}
Event: 6700.927 GC heap before
{Heap before GC invocations=21 (full 0):
 garbage-first heap   total 196608K, used 159749K [0x0000000080000000, 0x0000000100000000)
  region size 1024K, 89 young (91136K), 4 survivors (4096K)
 Metaspace       used 90298K, capacity 92420K, committed 92716K, reserved 1130496K
  class space    used 11333K, capacity 12068K, committed 12160K, reserved 1048576K
}
Event: 6700.936 GC heap after
{Heap after GC invocations=22 (full 0):
 garbage-first heap   total 196608K, used 74528K [0x0000000080000000, 0x0000000100000000)
  region size 1024K, 5 young (5120K), 5 survivors (5120K)
 Metaspace       used 90298K, capacity 92420K, committed 92716K, reserved 1130496K
  class space    used 11333K, capacity 12068K, committed 12160K, reserved 1048576K
}
Event: 6708.141 GC heap before
{Heap before GC invocations=22 (full 0):
 garbage-first heap   total 196608K, used 161568K [0x0000000080000000, 0x0000000100000000)
  region size 1024K, 90 young (92160K), 5 survivors (5120K)
 Metaspace       used 100222K, capacity 102660K, committed 102700K, reserved 1138688K
  class space    used 12563K, capacity 13413K, committed 13440K, reserved 1048576K
}
Event: 6708.157 GC heap after
{Heap after GC invocations=23 (full 0):
 garbage-first heap   total 196608K, used 80680K [0x0000000080000000, 0x0000000100000000)
  region size 1024K, 10 young (10240K), 10 survivors (10240K)
 Metaspace       used 100222K, capacity 102660K, committed 102700K, reserved 1138688K
  class space    used 12563K, capacity 13413K, committed 13440K, reserved 1048576K
}
Event: 6709.530 GC heap before
{Heap before GC invocations=23 (full 0):
 garbage-first heap   total 196608K, used 160552K [0x0000000080000000, 0x0000000100000000)
  region size 1024K, 89 young (91136K), 10 survivors (10240K)
 Metaspace       used 107570K, capacity 110156K, committed 110252K, reserved 1144832K
  class space    used 13453K, capacity 14330K, committed 14336K, reserved 1048576K
}
Event: 6709.548 GC heap after
{Heap after GC invocations=24 (full 0):
 garbage-first heap   total 196608K, used 84803K [0x0000000080000000, 0x0000000100000000)
  region size 1024K, 10 young (10240K), 10 survivors (10240K)
 Metaspace       used 107570K, capacity 110156K, committed 110252K, reserved 1144832K
  class space    used 13453K, capacity 14330K, committed 14336K, reserved 1048576K
}
Event: 6711.291 GC heap before
{Heap before GC invocations=24 (full 0):
 garbage-first heap   total 196608K, used 145219K [0x0000000080000000, 0x0000000100000000)
  region size 1024K, 69 young (70656K), 10 survivors (10240K)
 Metaspace       used 112629K, capacity 115419K, committed 115488K, reserved 1148928K
  class space    used 14174K, capacity 15151K, committed 15220K, reserved 1048576K
}
Event: 6711.323 GC heap after
{Heap after GC invocations=25 (full 0):
 garbage-first heap   total 196608K, used 89530K [0x0000000080000000, 0x0000000100000000)
  region size 1024K, 9 young (9216K), 9 survivors (9216K)
 Metaspace       used 112629K, capacity 115419K, committed 115488K, reserved 1148928K
  class space    used 14174K, capacity 15151K, committed 15220K, reserved 1048576K
}
Event: 6713.682 GC heap before
{Heap before GC invocations=26 (full 0):
 garbage-first heap   total 196608K, used 162234K [0x0000000080000000, 0x0000000100000000)
  region size 1024K, 80 young (81920K), 9 survivors (9216K)
 Metaspace       used 118290K, capacity 121083K, committed 121504K, reserved 1155072K
  class space    used 15003K, capacity 15944K, committed 16116K, reserved 1048576K
}
Event: 6713.714 GC heap after
{Heap after GC invocations=27 (full 0):
 garbage-first heap   total 196608K, used 92963K [0x0000000080000000, 0x0000000100000000)
  region size 1024K, 8 young (8192K), 8 survivors (8192K)
 Metaspace       used 118290K, capacity 121083K, committed 121504K, reserved 1155072K
  class space    used 15003K, capacity 15944K, committed 16116K, reserved 1048576K
}
Event: 6713.732 GC heap before
{Heap before GC invocations=27 (full 0):
 garbage-first heap   total 196608K, used 92963K [0x0000000080000000, 0x0000000100000000)
  region size 1024K, 9 young (9216K), 8 survivors (8192K)
 Metaspace       used 118324K, capacity 121089K, committed 121504K, reserved 1155072K
  class space    used 15007K, capacity 15945K, committed 16116K, reserved 1048576K
}
Event: 6713.758 GC heap after
{Heap after GC invocations=28 (full 0):
 garbage-first heap   total 196608K, used 90924K [0x0000000080000000, 0x0000000100000000)
  region size 1024K, 2 young (2048K), 2 survivors (2048K)
 Metaspace       used 118324K, capacity 121089K, committed 121504K, reserved 1155072K
  class space    used 15007K, capacity 15945K, committed 16116K, reserved 1048576K
}

Deoptimization events (20 events):
Event: 6712.386 Thread 0x0000024cf106e800 DEOPT PACKING pc=0x0000024cd7cf0c6c sp=0x00000088466f8500
Event: 6712.386 Thread 0x0000024cf106e800 DEOPT UNPACKING pc=0x0000024cd5ea72ce sp=0x00000088466f7a18 mode 0
Event: 6712.620 Thread 0x0000024cf106e800 DEOPT PACKING pc=0x0000024cd6dde36c sp=0x00000088466fa3c0
Event: 6712.620 Thread 0x0000024cf106e800 DEOPT UNPACKING pc=0x0000024cd5ea72ce sp=0x00000088466f9960 mode 0
Event: 6712.930 Thread 0x0000024cf1071000 DEOPT PACKING pc=0x0000024cd7cbb452 sp=0x0000008847bfe9d0
Event: 6712.930 Thread 0x0000024cf1071000 DEOPT UNPACKING pc=0x0000024cd5ea72ce sp=0x0000008847bfdf00 mode 0
Event: 6713.353 Thread 0x0000024cf106e800 DEOPT PACKING pc=0x0000024cd7b6d03f sp=0x00000088466fa280
Event: 6713.353 Thread 0x0000024cf106e800 DEOPT UNPACKING pc=0x0000024cd5ea72ce sp=0x00000088466f9790 mode 0
Event: 6713.354 Thread 0x0000024cf106e800 DEOPT PACKING pc=0x0000024cd7b6d03f sp=0x00000088466fa280
Event: 6713.354 Thread 0x0000024cf106e800 DEOPT UNPACKING pc=0x0000024cd5ea72ce sp=0x00000088466f9790 mode 0
Event: 6713.428 Thread 0x0000024cf106e800 DEOPT PACKING pc=0x0000024cd67e76b0 sp=0x00000088466fa1e0
Event: 6713.428 Thread 0x0000024cf106e800 DEOPT UNPACKING pc=0x0000024cd5ea72ce sp=0x00000088466f9720 mode 0
Event: 6713.429 Thread 0x0000024cf106e800 DEOPT PACKING pc=0x0000024cd717e601 sp=0x00000088466fa280
Event: 6713.429 Thread 0x0000024cf106e800 DEOPT UNPACKING pc=0x0000024cd5ea72ce sp=0x00000088466f9748 mode 0
Event: 6713.429 Thread 0x0000024cf106e800 DEOPT PACKING pc=0x0000024cd67e76b0 sp=0x00000088466fa130
Event: 6713.429 Thread 0x0000024cf106e800 DEOPT UNPACKING pc=0x0000024cd5ea72ce sp=0x00000088466f9670 mode 0
Event: 6713.430 Thread 0x0000024cf106e800 DEOPT PACKING pc=0x0000024cd717e601 sp=0x00000088466fa280
Event: 6713.430 Thread 0x0000024cf106e800 DEOPT UNPACKING pc=0x0000024cd5ea72ce sp=0x00000088466f9748 mode 0
Event: 6713.811 Thread 0x0000024cf106e800 DEOPT PACKING pc=0x0000024cd7cf0ad0 sp=0x00000088466f9930
Event: 6713.811 Thread 0x0000024cf106e800 DEOPT UNPACKING pc=0x0000024cd5ea72ce sp=0x00000088466f8e48 mode 0

Classes redefined (0 events):
No events

Internal exceptions (20 events):
Event: 6710.215 Thread 0x0000024cf106e800 Exception <a 'java/lang/ClassNotFoundException'{0x0000000089cfca98}: build_5qn8tashss4a1eitf390nnuzh$_run_closure1Customizer> (0x0000000089cfca98) thrown at [./src/hotspot/share/classfile/systemDictionary.cpp, line 231]
Event: 6710.220 Thread 0x0000024cf106e800 Exception <a 'java/lang/ClassNotFoundException'{0x0000000089b515b0}: com/android/build/gradle/internal/CompileOptions_DecoratedBeanInfo> (0x0000000089b515b0) thrown at [./src/hotspot/share/classfile/systemDictionary.cpp, line 231]
Event: 6710.221 Thread 0x0000024cf106e800 Exception <a 'java/lang/ClassNotFoundException'{0x0000000089b68be8}: com/android/build/gradle/internal/CompileOptionsBeanInfo> (0x0000000089b68be8) thrown at [./src/hotspot/share/classfile/systemDictionary.cpp, line 231]
Event: 6710.221 Thread 0x0000024cf106e800 Exception <a 'java/lang/ClassNotFoundException'{0x0000000089b80c20}: com/android/build/gradle/internal/CompileOptionsCustomizer> (0x0000000089b80c20) thrown at [./src/hotspot/share/classfile/systemDictionary.cpp, line 231]
Event: 6710.222 Thread 0x0000024cf106e800 Exception <a 'java/lang/ClassNotFoundException'{0x0000000089ba5100}: com/android/build/gradle/internal/CompileOptions_DecoratedCustomizer> (0x0000000089ba5100) thrown at [./src/hotspot/share/classfile/systemDictionary.cpp, line 231]
Event: 6710.237 Thread 0x0000024cf106e800 Exception <a 'java/lang/ClassNotFoundException'{0x0000000089ad42f0}: org/jetbrains/kotlin/gradle/dsl/KotlinJvmOptionsImplBeanInfo> (0x0000000089ad42f0) thrown at [./src/hotspot/share/classfile/systemDictionary.cpp, line 231]
Event: 6710.237 Thread 0x0000024cf106e800 Exception <a 'java/lang/ClassNotFoundException'{0x0000000089aeb028}: org/jetbrains/kotlin/gradle/dsl/KotlinJvmOptionsBaseBeanInfo> (0x0000000089aeb028) thrown at [./src/hotspot/share/classfile/systemDictionary.cpp, line 231]
Event: 6710.237 Thread 0x0000024cf106e800 Exception <a 'java/lang/ClassNotFoundException'{0x0000000089902258}: org/jetbrains/kotlin/gradle/dsl/KotlinJvmOptionsBaseCustomizer> (0x0000000089902258) thrown at [./src/hotspot/share/classfile/systemDictionary.cpp, line 231]
Event: 6710.238 Thread 0x0000024cf106e800 Exception <a 'java/lang/ClassNotFoundException'{0x000000008992d7a8}: org/jetbrains/kotlin/gradle/dsl/KotlinJvmOptionsImplCustomizer> (0x000000008992d7a8) thrown at [./src/hotspot/share/classfile/systemDictionary.cpp, line 231]
Event: 6711.761 Thread 0x0000024cf106e800 Implicit null exception at 0x0000024cddb8a2ce to 0x0000024cddb8a870
Event: 6712.130 Thread 0x0000024cf106e800 Exception <a 'java/lang/ClassNotFoundException'{0x000000008b11f160}: com/android/build/gradle/internal/api/ApkVariantOutputImpl_DecoratedBeanInfo> (0x000000008b11f160) thrown at [./src/hotspot/share/classfile/systemDictionary.cpp, line 231]
Event: 6712.131 Thread 0x0000024cf106e800 Exception <a 'java/lang/ClassNotFoundException'{0x000000008b1339d8}: com/android/build/gradle/internal/api/ApkVariantOutputImplBeanInfo> (0x000000008b1339d8) thrown at [./src/hotspot/share/classfile/systemDictionary.cpp, line 231]
Event: 6712.132 Thread 0x0000024cf106e800 Exception <a 'java/lang/ClassNotFoundException'{0x000000008b1488d0}: com/android/build/gradle/internal/api/BaseVariantOutputImplBeanInfo> (0x000000008b1488d0) thrown at [./src/hotspot/share/classfile/systemDictionary.cpp, line 231]
Event: 6712.132 Thread 0x0000024cf106e800 Exception <a 'java/lang/ClassNotFoundException'{0x000000008b15d7b0}: com/android/build/gradle/internal/api/BaseVariantOutputImplCustomizer> (0x000000008b15d7b0) thrown at [./src/hotspot/share/classfile/systemDictionary.cpp, line 231]
Event: 6712.135 Thread 0x0000024cf106e800 Exception <a 'java/lang/ClassNotFoundException'{0x000000008b184da8}: com/android/build/gradle/internal/api/ApkVariantOutputImplCustomizer> (0x000000008b184da8) thrown at [./src/hotspot/share/classfile/systemDictionary.cpp, line 231]
Event: 6712.137 Thread 0x0000024cf106e800 Exception <a 'java/lang/ClassNotFoundException'{0x000000008b1a83f8}: com/android/build/gradle/internal/api/ApkVariantOutputImpl_DecoratedCustomizer> (0x000000008b1a83f8) thrown at [./src/hotspot/share/classfile/systemDictionary.cpp, line 231]
Event: 6712.247 Thread 0x0000024cf106e800 Implicit null exception at 0x0000024cddcde20a to 0x0000024cddce1d84
Event: 6712.247 Thread 0x0000024cf106e800 Implicit null exception at 0x0000024cddbc3970 to 0x0000024cddbc3fa4
Event: 6712.803 Thread 0x0000024cf106e800 Exception <a 'sun/nio/fs/WindowsException'{0x0000000089e4f0d0}> (0x0000000089e4f0d0) thrown at [./src/hotspot/share/prims/jni.cpp, line 615]
Event: 6712.960 Thread 0x0000024cf106e800 Exception <a 'java/lang/NullPointerException'{0x00000000896a9ce0}> (0x00000000896a9ce0) thrown at [./src/hotspot/share/interpreter/linkResolver.cpp, line 1440]

Events (20 events):
Event: 6713.888 loading class org/gradle/api/artifacts/component/ComponentIdentifier
Event: 6713.888 loading class org/gradle/api/artifacts/component/ComponentIdentifier done
Event: 6713.888 loading class org/gradle/api/specs/Spec
Event: 6713.888 loading class org/gradle/api/specs/Spec done
Event: 6713.889 loading class com/android/build/gradle/internal/tasks/DxStateBuildService$RegistrationAction
Event: 6713.889 loading class com/android/build/gradle/internal/tasks/DxStateBuildService$RegistrationAction done
Event: 6713.891 loading class com/android/build/gradle/internal/tasks/DexMergingTask$CreationAction$getDexFiles$1$1
Event: 6713.891 loading class com/android/build/gradle/internal/tasks/DexMergingTask$CreationAction$getDexFiles$1$1 done
Event: 6713.900 loading class com/android/builder/internal/compiler/ShaderProcessor
Event: 6713.900 loading class com/android/builder/internal/compiler/ShaderProcessor done
Event: 6713.901 loading class com/android/builder/internal/compiler/DirectoryWalker$FileAction
Event: 6713.901 loading class com/android/builder/internal/compiler/DirectoryWalker$FileAction done
Event: 6713.908 loading class com/google/common/collect/AbstractMapBasedMultimap$KeySet
Event: 6713.908 loading class com/google/common/collect/AbstractMapBasedMultimap$KeySet done
Event: 6713.909 loading class com/google/common/collect/Maps$KeySet
Event: 6713.909 loading class com/google/common/collect/Maps$KeySet done
Event: 6713.910 loading class com/google/common/collect/Sets$ImprovedAbstractSet
Event: 6713.910 loading class com/google/common/collect/Sets$ImprovedAbstractSet done
Event: 6713.911 loading class com/google/common/collect/AbstractMapBasedMultimap$KeySet$1
Event: 6713.911 loading class com/google/common/collect/AbstractMapBasedMultimap$KeySet$1 done


Dynamic libraries:
0x00007ff743890000 - 0x00007ff74389a000 	D:\programas\android studio\jre\bin\java.exe
0x00007ffb03bb0000 - 0x00007ffb03da5000 	C:\WINDOWS\SYSTEM32\ntdll.dll
0x00007ffb032e0000 - 0x00007ffb0339d000 	C:\WINDOWS\System32\KERNEL32.DLL
0x00007ffb01550000 - 0x00007ffb01819000 	C:\WINDOWS\System32\KERNELBASE.dll
0x00007ffb01450000 - 0x00007ffb01550000 	C:\WINDOWS\System32\ucrtbase.dll
0x00007ffaf75d0000 - 0x00007ffaf75e7000 	D:\programas\android studio\jre\bin\VCRUNTIME140.dll
0x00007ffaf9920000 - 0x00007ffaf9939000 	D:\programas\android studio\jre\bin\jli.dll
0x00007ffb01d50000 - 0x00007ffb01ef0000 	C:\WINDOWS\System32\USER32.dll
0x00007ffb01820000 - 0x00007ffb01842000 	C:\WINDOWS\System32\win32u.dll
0x00007ffb03990000 - 0x00007ffb039ba000 	C:\WINDOWS\System32\GDI32.dll
0x00007ffaef4c0000 - 0x00007ffaef75a000 	C:\WINDOWS\WinSxS\amd64_microsoft.windows.common-controls_6595b64144ccf1df_6.0.19041.1052_none_60b8f8fd71f5e8cb\COMCTL32.dll
0x00007ffb01a70000 - 0x00007ffb01b7b000 	C:\WINDOWS\System32\gdi32full.dll
0x00007ffb01b80000 - 0x00007ffb01c1d000 	C:\WINDOWS\System32\msvcp_win.dll
0x00007ffb031d0000 - 0x00007ffb0326e000 	C:\WINDOWS\System32\msvcrt.dll
0x00007ffb031a0000 - 0x00007ffb031d0000 	C:\WINDOWS\System32\IMM32.DLL
0x00007ffad9090000 - 0x00007ffad912d000 	D:\programas\android studio\jre\bin\msvcp140.dll
0x00007ffaa26d0000 - 0x00007ffaa318c000 	D:\programas\android studio\jre\bin\server\jvm.dll
0x00007ffb02800000 - 0x00007ffb028ac000 	C:\WINDOWS\System32\ADVAPI32.dll
0x00007ffb02ea0000 - 0x00007ffb02f3b000 	C:\WINDOWS\System32\sechost.dll
0x00007ffb028b0000 - 0x00007ffb029da000 	C:\WINDOWS\System32\RPCRT4.dll
0x00007ffb027f0000 - 0x00007ffb027f8000 	C:\WINDOWS\System32\PSAPI.DLL
0x00007ffadc2e0000 - 0x00007ffadc2e9000 	C:\WINDOWS\SYSTEM32\WSOCK32.dll
0x00007ffaf8800000 - 0x00007ffaf880a000 	C:\WINDOWS\SYSTEM32\VERSION.dll
0x00007ffae7070000 - 0x00007ffae7097000 	C:\WINDOWS\SYSTEM32\WINMM.dll
0x00007ffb03080000 - 0x00007ffb030eb000 	C:\WINDOWS\System32\WS2_32.dll
0x00007ffaffb70000 - 0x00007ffaffb82000 	C:\WINDOWS\SYSTEM32\kernel.appcore.dll
0x00007ffafb0f0000 - 0x00007ffafb101000 	D:\programas\android studio\jre\bin\verify.dll
0x00007ffae9d60000 - 0x00007ffae9f44000 	C:\WINDOWS\SYSTEM32\DBGHELP.DLL
0x00007ffae9c40000 - 0x00007ffae9c6c000 	C:\WINDOWS\SYSTEM32\dbgcore.DLL
0x00007ffb019e0000 - 0x00007ffb01a63000 	C:\WINDOWS\System32\bcryptPrimitives.dll
0x00007ffafaf40000 - 0x00007ffafaf69000 	D:\programas\android studio\jre\bin\java.dll
0x00007ffafb440000 - 0x00007ffafb44b000 	D:\programas\android studio\jre\bin\jimage.dll
0x00007ffaf9cb0000 - 0x00007ffaf9cc8000 	D:\programas\android studio\jre\bin\zip.dll
0x00007ffb01ef0000 - 0x00007ffb0262f000 	C:\WINDOWS\System32\SHELL32.dll
0x00007ffaff350000 - 0x00007ffaffae1000 	C:\WINDOWS\SYSTEM32\windows.storage.dll
0x00007ffb02b40000 - 0x00007ffb02e95000 	C:\WINDOWS\System32\combase.dll
0x00007ffb00bb0000 - 0x00007ffb00bdc000 	C:\WINDOWS\SYSTEM32\Wldp.dll
0x00007ffb030f0000 - 0x00007ffb0319e000 	C:\WINDOWS\System32\SHCORE.dll
0x00007ffb03280000 - 0x00007ffb032d5000 	C:\WINDOWS\System32\shlwapi.dll
0x00007ffb01230000 - 0x00007ffb0124f000 	C:\WINDOWS\SYSTEM32\profapi.dll
0x00007ffaf9980000 - 0x00007ffaf999a000 	D:\programas\android studio\jre\bin\net.dll
0x00007ffaf8580000 - 0x00007ffaf868a000 	C:\WINDOWS\SYSTEM32\WINHTTP.dll
0x00007ffb00990000 - 0x00007ffb009fa000 	C:\WINDOWS\system32\mswsock.dll
0x00007ffaf9960000 - 0x00007ffaf9974000 	D:\programas\android studio\jre\bin\nio.dll
0x00007ffad9850000 - 0x00007ffad9877000 	C:\Users\Gustavo\.gradle\native\f6784746aeab05261644944871eae4fe03e0ef1612fff0a4a95f87b438bc6780\windows-amd64\native-platform.dll
0x00007ffafb0e0000 - 0x00007ffafb0ea000 	D:\programas\android studio\jre\bin\management.dll
0x00007ffafaee0000 - 0x00007ffafaeec000 	D:\programas\android studio\jre\bin\management_ext.dll
0x00007ffb00bf0000 - 0x00007ffb00c08000 	C:\WINDOWS\SYSTEM32\CRYPTSP.dll
0x00007ffb00350000 - 0x00007ffb00384000 	C:\WINDOWS\system32\rsaenh.dll
0x00007ffb019b0000 - 0x00007ffb019d7000 	C:\WINDOWS\System32\bcrypt.dll
0x00007ffb011f0000 - 0x00007ffb0121e000 	C:\WINDOWS\SYSTEM32\USERENV.dll
0x00007ffb00b10000 - 0x00007ffb00b1c000 	C:\WINDOWS\SYSTEM32\CRYPTBASE.dll
0x00007ffb006a0000 - 0x00007ffb006db000 	C:\WINDOWS\SYSTEM32\IPHLPAPI.DLL
0x00007ffb03270000 - 0x00007ffb03278000 	C:\WINDOWS\System32\NSI.dll
0x00007ffaf9180000 - 0x00007ffaf9197000 	C:\WINDOWS\SYSTEM32\dhcpcsvc6.DLL
0x00007ffaf8930000 - 0x00007ffaf894d000 	C:\WINDOWS\SYSTEM32\dhcpcsvc.DLL
0x00007ffb006e0000 - 0x00007ffb007ac000 	C:\WINDOWS\SYSTEM32\DNSAPI.dll
0x00007ffafa010000 - 0x00007ffafa01b000 	C:\WINDOWS\SYSTEM32\WINNSI.DLL
0x00007ffafb550000 - 0x00007ffafb56e000 	C:\Users\Gustavo\AppData\Local\Temp\native-platform11575992579611621086dir\native-platform.dll
0x00007ffaf72e0000 - 0x00007ffaf7307000 	D:\programas\android studio\jre\bin\sunec.dll
0x00007ffaf0730000 - 0x00007ffaf073a000 	C:\Windows\System32\rasadhlp.dll
0x00007ffaf07c0000 - 0x00007ffaf083f000 	C:\WINDOWS\System32\fwpuclnt.dll
0x00007ffad2410000 - 0x00007ffad2427000 	C:\WINDOWS\system32\napinsp.dll
0x00007ffad23f0000 - 0x00007ffad240b000 	C:\WINDOWS\system32\pnrpnsp.dll
0x00007ffafbf80000 - 0x00007ffafbf95000 	C:\WINDOWS\system32\wshbth.dll
0x00007ffafc900000 - 0x00007ffafc91d000 	C:\WINDOWS\system32\NLAapi.dll
0x00007ffad22d0000 - 0x00007ffad22e2000 	C:\WINDOWS\System32\winrnr.dll

dbghelp: loaded successfully - version: 4.0.5 - missing functions: none
symbol engine: initialized successfully - sym options: 0x614 - pdb path: .;D:\programas\android studio\jre\bin;C:\WINDOWS\SYSTEM32;C:\WINDOWS\WinSxS\amd64_microsoft.windows.common-controls_6595b64144ccf1df_6.0.19041.1052_none_60b8f8fd71f5e8cb;D:\programas\android studio\jre\bin\server;C:\Users\Gustavo\.gradle\native\f6784746aeab05261644944871eae4fe03e0ef1612fff0a4a95f87b438bc6780\windows-amd64;C:\Users\Gustavo\AppData\Local\Temp\native-platform11575992579611621086dir

VM Arguments:
jvm_args: --add-opens=java.base/java.util=ALL-UNNAMED --add-opens=java.base/java.lang=ALL-UNNAMED --add-opens=java.base/java.lang.invoke=ALL-UNNAMED --add-opens=java.prefs/java.util.prefs=ALL-UNNAMED -Xmx2048m -Dfile.encoding=UTF-8 -Duser.country=AR -Duser.language=es -Duser.variant 
java_command: org.gradle.launcher.daemon.bootstrap.GradleDaemon 6.5
java_class_path (initial): C:\Users\Gustavo\.gradle\wrapper\dists\gradle-6.5-bin\6nifqtx7604sqp1q6g8wikw7p\gradle-6.5\lib\gradle-launcher-6.5.jar
Launcher Type: SUN_STANDARD

[Global flags]
     intx CICompilerCount                          = 3                                         {product} {ergonomic}
     uint ConcGCThreads                            = 1                                         {product} {ergonomic}
     uint G1ConcRefinementThreads                  = 4                                         {product} {ergonomic}
   size_t G1HeapRegionSize                         = 1048576                                   {product} {ergonomic}
    uintx GCDrainStackTargetSize                   = 64                                        {product} {ergonomic}
   size_t InitialHeapSize                          = 201326592                                 {product} {ergonomic}
   size_t MarkStackSize                            = 4194304                                   {product} {ergonomic}
   size_t MaxHeapSize                              = 2147483648                                {product} {command line}
   size_t MaxNewSize                               = 1287651328                                {product} {ergonomic}
   size_t MinHeapDeltaBytes                        = 1048576                                   {product} {ergonomic}
    uintx NonNMethodCodeHeapSize                   = 5830732                                {pd product} {ergonomic}
    uintx NonProfiledCodeHeapSize                  = 122913754                              {pd product} {ergonomic}
    uintx ProfiledCodeHeapSize                     = 122913754                              {pd product} {ergonomic}
    uintx ReservedCodeCacheSize                    = 251658240                              {pd product} {ergonomic}
     bool SegmentedCodeCache                       = true                                      {product} {ergonomic}
     bool UseCompressedClassPointers               = true                                 {lp64_product} {ergonomic}
     bool UseCompressedOops                        = true                                 {lp64_product} {ergonomic}
     bool UseG1GC                                  = true                                      {product} {ergonomic}
     bool UseLargePagesIndividualAllocation        = false                                  {pd product} {ergonomic}

Logging:
Log output configuration:
 #0: stdout all=warning uptime,level,tags
 #1: stderr all=off uptime,level,tags

Environment Variables:
PATH=C:\Program Files\Common Files\Oracle\Java\javapath;C:\Program Files (x86)\Common Files\Oracle\Java\javapath;C:\WINDOWS\system32;C:\WINDOWS;C:\WINDOWS\System32\Wbem;C:\WINDOWS\System32\WindowsPowerShell\v1.0\;C:\WINDOWS\System32\OpenSSH\;D:\programas\putty\;C:\Program Files\Git\cmd;C:\Program Files\Microsoft SQL Server\Client SDK\ODBC\110\Tools\Binn\;C:\Program Files (x86)\Microsoft SQL Server\120\Tools\Binn\;C:\Program Files\Microsoft SQL Server\120\Tools\Binn\;C:\Program Files\Microsoft SQL Server\120\DTS\Binn\;C:\Program Files (x86)\Windows Kits\8.1\Windows Performance Toolkit\;C:\Program Files\nodejs\;C:\Program Files\MongoDB\Server\4.4\bin;;C:\Program Files\Docker\Docker\resources\bin;C:\ProgramData\DockerDesktop\version-bin;C:\Users\Gustavo\AppData\Local\Programs\Python\Python39\Scripts\;C:\Users\Gustavo\AppData\Local\Programs\Python\Python39\;C:\Users\Gustavo\AppData\Local\Microsoft\WindowsApps;C:\Users\Gustavo\AppData\Local\Programs\Microsoft VS Code\bin;C:\Program Files\heroku\bin;C:\Users\Gustavo\AppData\Roaming\npm;D:\programas\heroku\bin;C:\Users\Gustavo\AppData\Local\GitHubDesktop\bin
USERNAME=Gustavo
OS=Windows_NT
PROCESSOR_IDENTIFIER=Intel64 Family 6 Model 78 Stepping 3, GenuineIntel



---------------  S Y S T E M  ---------------

OS: Windows 10 , 64 bit Build 19041 (10.0.19041.1023)
OS uptime: 0 days 9:31 hours
HyperV virtualization detected

CPU:total 4 (initial active 4) (2 cores per cpu, 2 threads per core) family 6 model 78 stepping 3, cmov, cx8, fxsr, mmx, sse, sse2, sse3, ssse3, sse4.1, sse4.2, popcnt, avx, avx2, aes, clmul, erms, 3dnowpref, lzcnt, ht, tsc, tscinvbit, bmi1, bmi2, adx, fma

Memory: 4k page, system-wide physical 12195M (58M free)
TotalPageFile size 12195M (AvailPageFile size 9M)
current process WorkingSet (physical memory assigned to process): 466M, peak: 468M
current process commit charge ("private bytes"): 517M, peak: 517M

vm_info: OpenJDK 64-Bit Server VM (11.0.8+10-b944.6842174) for windows-amd64 JRE (11.0.8+10-b944.6842174), built on Sep 19 2020 01:11:42 by "builder" with MS VC++ 14.0 (VS2015)

END.
